Log file open, 10/01/20 07:29:07
LogInit: Display: Running engine for game: GhibliPlatformer
LogPlatformFile: Not using cached read wrapper
LogTaskGraph: Started task graph with 5 named threads and 23 total threads with 3 sets of task threads.
LogStats: Stats thread started at 0.889511
LogD3D11RHI: Loaded GFSDK_Aftermath_Lib.x64.dll
LogICUInternationalization: ICU TimeZone Detection - Raw Offset: +10:00, Platform Override: ''
LogPluginManager: Mounting plugin Paper2D
LogPluginManager: Mounting plugin AISupport
LogPluginManager: Mounting plugin LightPropagationVolume
LogPluginManager: Mounting plugin CameraShakePreviewer
LogPluginManager: Mounting plugin ActorLayerUtilities
LogPluginManager: Mounting plugin AnimationSharing
LogPluginManager: Mounting plugin CLionSourceCodeAccess
LogPluginManager: Mounting plugin CodeLiteSourceCodeAccess
LogPluginManager: Mounting plugin GitSourceControl
LogPluginManager: Mounting plugin KDevelopSourceCodeAccess
LogPluginManager: Mounting plugin NullSourceCodeAccess
LogPluginManager: Mounting plugin PerforceSourceControl
LogPluginManager: Mounting plugin PlasticSourceControl
LogPluginManager: Mounting plugin RiderSourceCodeAccess
LogPluginManager: Mounting plugin SubversionSourceControl
LogPluginManager: Mounting plugin UObjectPlugin
LogPluginManager: Mounting plugin VisualStudioCodeSourceCodeAccess
LogPluginManager: Mounting plugin VisualStudioSourceCodeAccess
LogPluginManager: Mounting plugin XCodeSourceCodeAccess
LogPluginManager: Mounting plugin AssetManagerEditor
LogPluginManager: Mounting plugin CryptoKeys
LogPluginManager: Mounting plugin CurveEditorTools
LogPluginManager: Mounting plugin DataValidation
LogPluginManager: Mounting plugin EditorScriptingUtilities
LogPluginManager: Mounting plugin FacialAnimation
LogPluginManager: Mounting plugin GameplayTagsEditor
LogPluginManager: Mounting plugin GeometryMode
LogPluginManager: Mounting plugin MacGraphicsSwitching
LogPluginManager: Mounting plugin MaterialAnalyzer
LogPluginManager: Mounting plugin MobileLauncherProfileWizard
LogPluginManager: Mounting plugin PluginBrowser
LogPluginManager: Mounting plugin SpeedTreeImporter
LogPluginManager: Mounting plugin DatasmithContent
LogPluginManager: Mounting plugin VariantManagerContent
LogPluginManager: Mounting plugin AlembicImporter
LogPluginManager: Mounting plugin AutomationUtils
LogPluginManager: Mounting plugin BackChannel
LogPluginManager: Mounting plugin ChaosCloth
LogPluginManager: Mounting plugin ChaosClothEditor
LogPluginManager: Mounting plugin ChaosEditor
LogPluginManager: Mounting plugin ChaosNiagara
LogPluginManager: Mounting plugin ChaosSolverPlugin
LogPluginManager: Mounting plugin CharacterAI
LogPluginManager: Mounting plugin GeometryCache
LogPluginManager: Mounting plugin GeometryCollectionPlugin
LogPluginManager: Mounting plugin GeometryProcessing
LogPluginManager: Mounting plugin PlanarCut
LogPluginManager: Mounting plugin PlatformCrypto
LogPluginManager: Mounting plugin ProxyLODPlugin
LogPluginManager: Mounting plugin SkeletalReduction
LogPluginManager: Mounting plugin Niagara
LogPluginManager: Mounting plugin MagicLeap
LogPluginManager: Mounting plugin MagicLeapLightEstimation
LogPluginManager: Mounting plugin MagicLeapMedia
LogPluginManager: Mounting plugin MagicLeapPassableWorld
LogPluginManager: Mounting plugin MLSDK
LogPluginManager: Mounting plugin AndroidMedia
LogPluginManager: Mounting plugin AvfMedia
LogPluginManager: Mounting plugin ImgMedia
LogPluginManager: Mounting plugin MediaCompositing
LogPluginManager: Mounting plugin MediaPlayerEditor
LogPluginManager: Mounting plugin WebMMedia
LogPluginManager: Mounting plugin WmfMedia
LogPluginManager: Mounting plugin MeshPainting
LogPluginManager: Mounting plugin TcpMessaging
LogPluginManager: Mounting plugin UdpMessaging
LogPluginManager: Mounting plugin ActorSequence
LogPluginManager: Mounting plugin LevelSequenceEditor
LogPluginManager: Mounting plugin MatineeToLevelSequence
LogPluginManager: Mounting plugin MovieRenderPipeline
LogPluginManager: Mounting plugin TemplateSequence
LogPluginManager: Mounting plugin NetcodeUnitTest
LogPluginManager: Mounting plugin NUTUnrealEngine4
LogPluginManager: Mounting plugin OnlineSubsystemGooglePlay
LogPluginManager: Mounting plugin OnlineSubsystemIOS
LogPluginManager: Mounting plugin OnlineSubsystem
LogPluginManager: Mounting plugin OnlineSubsystemNull
LogPluginManager: Mounting plugin OnlineSubsystemUtils
LogPluginManager: Mounting plugin LauncherChunkInstaller
LogPluginManager: Mounting plugin AndroidDeviceProfileSelector
LogPluginManager: Mounting plugin AndroidMoviePlayer
LogPluginManager: Mounting plugin AndroidPermission
LogPluginManager: Mounting plugin ApexDestruction
LogPluginManager: Mounting plugin AppleImageUtils
LogPluginManager: Mounting plugin AppleMoviePlayer
LogPluginManager: Mounting plugin ArchVisCharacter
LogPluginManager: Mounting plugin AssetTags
LogPluginManager: Mounting plugin AudioCapture
LogPluginManager: Mounting plugin CableComponent
LogPluginManager: Mounting plugin CustomMeshComponent
LogPluginManager: Mounting plugin EditableMesh
LogPluginManager: Mounting plugin ExampleDeviceProfileSelector
LogPluginManager: Mounting plugin GoogleCloudMessaging
LogPluginManager: Mounting plugin GooglePAD
LogPluginManager: Mounting plugin IOSDeviceProfileSelector
LogPluginManager: Mounting plugin LinuxDeviceProfileSelector
LogPluginManager: Mounting plugin LocationServicesBPLibrary
LogPluginManager: Mounting plugin MobilePatchingUtils
LogPluginManager: Mounting plugin OculusVR
LogPluginManager: Mounting plugin PhysXVehicles
LogPluginManager: Mounting plugin PostSplashScreen
LogPluginManager: Mounting plugin ProceduralMeshComponent
LogPluginManager: Mounting plugin RuntimePhysXCooking
LogPluginManager: Mounting plugin SignificanceManager
LogPluginManager: Mounting plugin SoundFields
LogPluginManager: Mounting plugin Synthesis
LogPluginManager: Mounting plugin WebMMoviePlayer
LogPluginManager: Mounting plugin WindowsMoviePlayer
LogPluginManager: Mounting plugin ScreenshotTools
LogInit: Using libcurl 7.55.1-DEV
LogInit:  - built for x86_64-pc-win32
LogInit:  - supports SSL with OpenSSL/1.1.1
LogInit:  - supports HTTP deflate (compression) using libz 1.2.8
LogInit:  - other features:
LogInit:      CURL_VERSION_SSL
LogInit:      CURL_VERSION_LIBZ
LogInit:      CURL_VERSION_IPV6
LogInit:      CURL_VERSION_ASYNCHDNS
LogInit:      CURL_VERSION_LARGEFILE
LogInit:      CURL_VERSION_IDN
LogInit:  CurlRequestOptions (configurable via config and command line):
LogInit:  - bVerifyPeer = true  - Libcurl will verify peer certificate
LogInit:  - bUseHttpProxy = false  - Libcurl will NOT use HTTP proxy
LogInit:  - bDontReuseConnections = false  - Libcurl will reuse connections
LogInit:  - MaxHostConnections = 16  - Libcurl will limit the number of connections to a host
LogInit:  - LocalHostAddr = Default
LogInit:  - BufferSize = 65536
LogOnline: OSS: Creating online subsystem instance for: NULL
LogInit: WinSock: version 1.1 (2.2), MaxSocks=32767, MaxUdp=65467
LogOnline: OSS: TryLoadSubsystemAndSetDefault: Loaded subsystem for module [NULL]
LogInit: Build: ++UE4+Release-4.25-CL-13942748
LogInit: Engine Version: 4.25.3-13942748+++UE4+Release-4.25
LogInit: Compatible Engine Version: 4.25.0-13144385+++UE4+Release-4.25
LogInit: Net CL: 13144385
LogInit: OS: Windows 10 (Release 2004) (), CPU: Intel(R) Core(TM) i7-7700 CPU @ 3.60GHz, GPU: NVIDIA GeForce GTX 1080
LogInit: Compiled (64-bit): Jul 25 2020 02:07:48
LogInit: Compiled with Visual C++: 19.24.28315.00
LogInit: Build Configuration: Development
LogInit: Branch Name: ++UE4+Release-4.25
LogInit: Command Line: 
LogInit: Base Directory: C:/Program Files/Epic Games/UE_4.25/Engine/Binaries/Win64/
LogInit: Allocator: TBB
LogInit: Installed Engine Build: 1
LogDevObjectVersion: Number of dev versions registered: 26
LogDevObjectVersion:   Dev-Blueprints (B0D832E4-1F89-4F0D-ACCF-7EB736FD4AA2): 10
LogDevObjectVersion:   Dev-Build (E1C64328-A22C-4D53-A36C-8E866417BD8C): 0
LogDevObjectVersion:   Dev-Core (375EC13C-06E4-48FB-B500-84F0262A717E): 4
LogDevObjectVersion:   Dev-Editor (E4B068ED-F494-42E9-A231-DA0B2E46BB41): 38
LogDevObjectVersion:   Dev-Framework (CFFC743F-43B0-4480-9391-14DF171D2073): 37
LogDevObjectVersion:   Dev-Mobile (B02B49B5-BB20-44E9-A304-32B752E40360): 2
LogDevObjectVersion:   Dev-Networking (A4E4105C-59A1-49B5-A7C5-40C4547EDFEE): 0
LogDevObjectVersion:   Dev-Online (39C831C9-5AE6-47DC-9A44-9C173E1C8E7C): 0
LogDevObjectVersion:   Dev-Physics (78F01B33-EBEA-4F98-B9B4-84EACCB95AA2): 4
LogDevObjectVersion:   Dev-Platform (6631380F-2D4D-43E0-8009-CF276956A95A): 0
LogDevObjectVersion:   Dev-Rendering (12F88B9F-8875-4AFC-A67C-D90C383ABD29): 43
LogDevObjectVersion:   Dev-Sequencer (7B5AE74C-D270-4C10-A958-57980B212A5A): 12
LogDevObjectVersion:   Dev-VR (D7296918-1DD6-4BDD-9DE2-64A83CC13884): 3
LogDevObjectVersion:   Dev-LoadTimes (C2A15278-BFE7-4AFE-6C17-90FF531DF755): 1
LogDevObjectVersion:   Private-Geometry (6EACA3D4-40EC-4CC1-B786-8BED09428FC5): 3
LogDevObjectVersion:   Dev-AnimPhys (29E575DD-E0A3-4627-9D10-D276232CDCEA): 17
LogDevObjectVersion:   Dev-Anim (AF43A65D-7FD3-4947-9873-3E8ED9C1BB05): 7
LogDevObjectVersion:   Dev-ReflectionCapture (6B266CEC-1EC7-4B8F-A30B-E4D90942FC07): 1
LogDevObjectVersion:   Dev-Automation (0DF73D61-A23F-47EA-B727-89E90C41499A): 1
LogDevObjectVersion:   FortniteMain (601D1886-AC64-4F84-AA16-D3DE0DEAC7D6): 31
LogDevObjectVersion:   Dev-Enterprise (9DFFBCD6-494F-0158-E221-12823C92A888): 10
LogDevObjectVersion:   Dev-Niagara (F2AED0AC-9AFE-416F-8664-AA7FFA26D6FC): 1
LogDevObjectVersion:   Dev-Destruction (174F1F0B-B4C6-45A5-B13F-2EE8D0FB917D): 10
LogDevObjectVersion:   Dev-Physics-Ext (35F94A83-E258-406C-A318-09F59610247C): 37
LogDevObjectVersion:   Dev-PhysicsMaterial-Chaos (B68FC16E-8B1B-42E2-B453-215C058844FE): 1
LogDevObjectVersion:   Dev-CineCamera (B2E18506-4273-CFC2-A54E-F4BB758BBA07): 1
LogInit: Presizing for max 25165824 objects, including 0 objects not considered by GC, pre-allocating 0 bytes for permanent pool.
LogConfig: Applying CVar settings from Section [/Script/Engine.StreamingSettings] File [C:/Users/user/Documents/GitHub/GhibliPlatformerAssessment/Saved/Config/Windows/Engine.ini]
LogConfig: Setting CVar [[s.MinBulkDataSizeForAsyncLoading:131072]]
LogConfig: Setting CVar [[s.AsyncLoadingThreadEnabled:0]]
LogConfig: Setting CVar [[s.EventDrivenLoaderEnabled:1]]
LogConfig: Setting CVar [[s.WarnIfTimeLimitExceeded:0]]
LogConfig: Setting CVar [[s.TimeLimitExceededMultiplier:1.5]]
LogConfig: Setting CVar [[s.TimeLimitExceededMinTime:0.005]]
LogConfig: Setting CVar [[s.UseBackgroundLevelStreaming:1]]
LogConfig: Setting CVar [[s.PriorityAsyncLoadingExtraTime:15.0]]
LogConfig: Setting CVar [[s.LevelStreamingActorsUpdateTimeLimit:5.0]]
LogConfig: Setting CVar [[s.PriorityLevelStreamingActorsUpdateExtraTime:5.0]]
LogConfig: Setting CVar [[s.LevelStreamingComponentsRegistrationGranularity:10]]
LogConfig: Setting CVar [[s.UnregisterComponentsTimeLimit:1.0]]
LogConfig: Setting CVar [[s.LevelStreamingComponentsUnregistrationGranularity:5]]
LogConfig: Setting CVar [[s.FlushStreamingOnExit:1]]
LogInit: Object subsystem initialized
LogConfig: Setting CVar [[con.DebugEarlyDefault:1]]
LogConfig: Setting CVar [[r.setres:1280x720]]
[2020.09.30-21.29.07:610][  0]LogConfig: Setting CVar [[r.VSync:0]]
[2020.09.30-21.29.07:611][  0]LogConfig: Setting CVar [[r.RHICmdBypass:0]]
[2020.09.30-21.29.07:611][  0]LogConfig: Applying CVar settings from Section [/Script/Engine.RendererSettings] File [C:/Users/user/Documents/GitHub/GhibliPlatformerAssessment/Saved/Config/Windows/Engine.ini]
[2020.09.30-21.29.07:611][  0]LogConfig: Setting CVar [[r.GPUCrashDebugging:0]]
[2020.09.30-21.29.07:611][  0]LogConfig: Applying CVar settings from Section [/Script/Engine.RendererOverrideSettings] File [C:/Users/user/Documents/GitHub/GhibliPlatformerAssessment/Saved/Config/Windows/Engine.ini]
[2020.09.30-21.29.07:611][  0]LogConfig: Applying CVar settings from Section [/Script/Engine.StreamingSettings] File [C:/Users/user/Documents/GitHub/GhibliPlatformerAssessment/Saved/Config/Windows/Engine.ini]
[2020.09.30-21.29.07:611][  0]LogConfig: Setting CVar [[s.MinBulkDataSizeForAsyncLoading:131072]]
[2020.09.30-21.29.07:611][  0]LogConfig: Setting CVar [[s.AsyncLoadingThreadEnabled:0]]
[2020.09.30-21.29.07:611][  0]LogConfig: Setting CVar [[s.EventDrivenLoaderEnabled:1]]
[2020.09.30-21.29.07:611][  0]LogConfig: Setting CVar [[s.WarnIfTimeLimitExceeded:0]]
[2020.09.30-21.29.07:611][  0]LogConfig: Setting CVar [[s.TimeLimitExceededMultiplier:1.5]]
[2020.09.30-21.29.07:611][  0]LogConfig: Setting CVar [[s.TimeLimitExceededMinTime:0.005]]
[2020.09.30-21.29.07:611][  0]LogConfig: Setting CVar [[s.UseBackgroundLevelStreaming:1]]
[2020.09.30-21.29.07:611][  0]LogConfig: Setting CVar [[s.PriorityAsyncLoadingExtraTime:15.0]]
[2020.09.30-21.29.07:611][  0]LogConfig: Setting CVar [[s.LevelStreamingActorsUpdateTimeLimit:5.0]]
[2020.09.30-21.29.07:611][  0]LogConfig: Setting CVar [[s.PriorityLevelStreamingActorsUpdateExtraTime:5.0]]
[2020.09.30-21.29.07:611][  0]LogConfig: Setting CVar [[s.LevelStreamingComponentsRegistrationGranularity:10]]
[2020.09.30-21.29.07:611][  0]LogConfig: Setting CVar [[s.UnregisterComponentsTimeLimit:1.0]]
[2020.09.30-21.29.07:611][  0]LogConfig: Setting CVar [[s.LevelStreamingComponentsUnregistrationGranularity:5]]
[2020.09.30-21.29.07:611][  0]LogConfig: Setting CVar [[s.FlushStreamingOnExit:1]]
[2020.09.30-21.29.07:611][  0]LogConfig: Applying CVar settings from Section [/Script/Engine.GarbageCollectionSettings] File [C:/Users/user/Documents/GitHub/GhibliPlatformerAssessment/Saved/Config/Windows/Engine.ini]
[2020.09.30-21.29.07:611][  0]LogConfig: Setting CVar [[gc.MaxObjectsNotConsideredByGC:1]]
[2020.09.30-21.29.07:611][  0]LogConfig: Setting CVar [[gc.SizeOfPermanentObjectPool:0]]
[2020.09.30-21.29.07:611][  0]LogConfig: Setting CVar [[gc.FlushStreamingOnGC:0]]
[2020.09.30-21.29.07:611][  0]LogConfig: Setting CVar [[gc.NumRetriesBeforeForcingGC:10]]
[2020.09.30-21.29.07:611][  0]LogConfig: Setting CVar [[gc.AllowParallelGC:1]]
[2020.09.30-21.29.07:611][  0]LogConfig: Setting CVar [[gc.TimeBetweenPurgingPendingKillObjects:61.1]]
[2020.09.30-21.29.07:611][  0]LogConfig: Setting CVar [[gc.MaxObjectsInEditor:25165824]]
[2020.09.30-21.29.07:611][  0]LogConfig: Setting CVar [[gc.IncrementalBeginDestroyEnabled:1]]
[2020.09.30-21.29.07:611][  0]LogConfig: Setting CVar [[gc.CreateGCClusters:1]]
[2020.09.30-21.29.07:611][  0]LogConfig: Setting CVar [[gc.MinGCClusterSize:5]]
[2020.09.30-21.29.07:611][  0]LogConfig: Setting CVar [[gc.ActorClusteringEnabled:0]]
[2020.09.30-21.29.07:611][  0]LogConfig: Setting CVar [[gc.BlueprintClusteringEnabled:0]]
[2020.09.30-21.29.07:611][  0]LogConfig: Setting CVar [[gc.UseDisregardForGCOnDedicatedServers:0]]
[2020.09.30-21.29.07:611][  0]LogConfig: Applying CVar settings from Section [/Script/Engine.NetworkSettings] File [C:/Users/user/Documents/GitHub/GhibliPlatformerAssessment/Saved/Config/Windows/Engine.ini]
[2020.09.30-21.29.07:611][  0]LogConfig: Applying CVar settings from Section [/Script/UnrealEd.CookerSettings] File [C:/Users/user/Documents/GitHub/GhibliPlatformerAssessment/Saved/Config/Windows/Engine.ini]
[2020.09.30-21.29.07:621][  0]LogConfig: Applying CVar settings from Section [ViewDistanceQuality@3] File [C:/Users/user/Documents/GitHub/GhibliPlatformerAssessment/Saved/Config/Windows/Scalability.ini]
[2020.09.30-21.29.07:621][  0]LogConfig: Setting CVar [[r.SkeletalMeshLODBias:0]]
[2020.09.30-21.29.07:621][  0]LogConfig: Setting CVar [[r.ViewDistanceScale:1.0]]
[2020.09.30-21.29.07:621][  0]LogConfig: Applying CVar settings from Section [AntiAliasingQuality@3] File [C:/Users/user/Documents/GitHub/GhibliPlatformerAssessment/Saved/Config/Windows/Scalability.ini]
[2020.09.30-21.29.07:621][  0]LogConfig: Setting CVar [[r.PostProcessAAQuality:4]]
[2020.09.30-21.29.07:621][  0]LogConfig: Applying CVar settings from Section [ShadowQuality@3] File [C:/Users/user/Documents/GitHub/GhibliPlatformerAssessment/Saved/Config/Windows/Scalability.ini]
[2020.09.30-21.29.07:621][  0]LogConfig: Setting CVar [[r.LightFunctionQuality:1]]
[2020.09.30-21.29.07:621][  0]LogConfig: Setting CVar [[r.ShadowQuality:5]]
[2020.09.30-21.29.07:621][  0]LogConfig: Setting CVar [[r.Shadow.CSM.MaxCascades:10]]
[2020.09.30-21.29.07:621][  0]LogConfig: Setting CVar [[r.Shadow.MaxResolution:2048]]
[2020.09.30-21.29.07:621][  0]LogConfig: Setting CVar [[r.Shadow.MaxCSMResolution:2048]]
[2020.09.30-21.29.07:621][  0]LogConfig: Setting CVar [[r.Shadow.RadiusThreshold:0.01]]
[2020.09.30-21.29.07:621][  0]LogConfig: Setting CVar [[r.Shadow.DistanceScale:1.0]]
[2020.09.30-21.29.07:621][  0]LogConfig: Setting CVar [[r.Shadow.CSM.TransitionScale:1.0]]
[2020.09.30-21.29.07:621][  0]LogConfig: Setting CVar [[r.Shadow.PreShadowResolutionFactor:1.0]]
[2020.09.30-21.29.07:621][  0]LogConfig: Setting CVar [[r.DistanceFieldShadowing:1]]
[2020.09.30-21.29.07:621][  0]LogConfig: Setting CVar [[r.DistanceFieldAO:1]]
[2020.09.30-21.29.07:621][  0]LogConfig: Setting CVar [[r.AOQuality:2]]
[2020.09.30-21.29.07:621][  0]LogConfig: Setting CVar [[r.VolumetricFog:1]]
[2020.09.30-21.29.07:621][  0]LogConfig: Setting CVar [[r.VolumetricFog.GridPixelSize:8]]
[2020.09.30-21.29.07:621][  0]LogConfig: Setting CVar [[r.VolumetricFog.GridSizeZ:128]]
[2020.09.30-21.29.07:621][  0]LogConfig: Setting CVar [[r.VolumetricFog.HistoryMissSupersampleCount:4]]
[2020.09.30-21.29.07:621][  0]LogConfig: Setting CVar [[r.LightMaxDrawDistanceScale:1]]
[2020.09.30-21.29.07:621][  0]LogConfig: Setting CVar [[r.CapsuleShadows:1]]
[2020.09.30-21.29.07:621][  0]LogConfig: Applying CVar settings from Section [PostProcessQuality@3] File [C:/Users/user/Documents/GitHub/GhibliPlatformerAssessment/Saved/Config/Windows/Scalability.ini]
[2020.09.30-21.29.07:621][  0]LogConfig: Setting CVar [[r.MotionBlurQuality:4]]
[2020.09.30-21.29.07:621][  0]LogConfig: Setting CVar [[r.AmbientOcclusionMipLevelFactor:0.4]]
[2020.09.30-21.29.07:621][  0]LogConfig: Setting CVar [[r.AmbientOcclusionMaxQuality:100]]
[2020.09.30-21.29.07:621][  0]LogConfig: Setting CVar [[r.AmbientOcclusionLevels:-1]]
[2020.09.30-21.29.07:621][  0]LogConfig: Setting CVar [[r.AmbientOcclusionRadiusScale:1.0]]
[2020.09.30-21.29.07:621][  0]LogConfig: Setting CVar [[r.DepthOfFieldQuality:2]]
[2020.09.30-21.29.07:621][  0]LogConfig: Setting CVar [[r.RenderTargetPoolMin:400]]
[2020.09.30-21.29.07:621][  0]LogConfig: Setting CVar [[r.LensFlareQuality:2]]
[2020.09.30-21.29.07:621][  0]LogConfig: Setting CVar [[r.SceneColorFringeQuality:1]]
[2020.09.30-21.29.07:621][  0]LogConfig: Setting CVar [[r.EyeAdaptationQuality:2]]
[2020.09.30-21.29.07:621][  0]LogConfig: Setting CVar [[r.BloomQuality:5]]
[2020.09.30-21.29.07:621][  0]LogConfig: Setting CVar [[r.FastBlurThreshold:100]]
[2020.09.30-21.29.07:621][  0]LogConfig: Setting CVar [[r.Upscale.Quality:3]]
[2020.09.30-21.29.07:621][  0]LogConfig: Setting CVar [[r.Tonemapper.GrainQuantization:1]]
[2020.09.30-21.29.07:621][  0]LogConfig: Setting CVar [[r.LightShaftQuality:1]]
[2020.09.30-21.29.07:621][  0]LogConfig: Setting CVar [[r.Filter.SizeScale:1]]
[2020.09.30-21.29.07:621][  0]LogConfig: Setting CVar [[r.Tonemapper.Quality:5]]
[2020.09.30-21.29.07:621][  0]LogConfig: Setting CVar [[r.DOF.Gather.AccumulatorQuality:1        ; higher gathering accumulator quality]]
[2020.09.30-21.29.07:621][  0]LogConfig: Setting CVar [[r.DOF.Gather.PostfilterMethod:1          ; Median3x3 postfilering method]]
[2020.09.30-21.29.07:621][  0]LogConfig: Setting CVar [[r.DOF.Gather.EnableBokehSettings:0       ; no bokeh simulation when gathering]]
[2020.09.30-21.29.07:621][  0]LogConfig: Setting CVar [[r.DOF.Gather.RingCount:4                 ; medium number of samples when gathering]]
[2020.09.30-21.29.07:621][  0]LogConfig: Setting CVar [[r.DOF.Scatter.ForegroundCompositing:1    ; additive foreground scattering]]
[2020.09.30-21.29.07:621][  0]LogConfig: Setting CVar [[r.DOF.Scatter.BackgroundCompositing:2    ; additive background scattering]]
[2020.09.30-21.29.07:621][  0]LogConfig: Setting CVar [[r.DOF.Scatter.EnableBokehSettings:1      ; bokeh simulation when scattering]]
[2020.09.30-21.29.07:621][  0]LogConfig: Setting CVar [[r.DOF.Scatter.MaxSpriteRatio:0.1         ; only a maximum of 10% of scattered bokeh]]
[2020.09.30-21.29.07:621][  0]LogConfig: Setting CVar [[r.DOF.Recombine.Quality:1                ; cheap slight out of focus]]
[2020.09.30-21.29.07:621][  0]LogConfig: Setting CVar [[r.DOF.Recombine.EnableBokehSettings:0    ; no bokeh simulation on slight out of focus]]
[2020.09.30-21.29.07:621][  0]LogConfig: Setting CVar [[r.DOF.TemporalAAQuality:1                ; more stable temporal accumulation]]
[2020.09.30-21.29.07:621][  0]LogConfig: Setting CVar [[r.DOF.Kernel.MaxForegroundRadius:0.025]]
[2020.09.30-21.29.07:621][  0]LogConfig: Setting CVar [[r.DOF.Kernel.MaxBackgroundRadius:0.025]]
[2020.09.30-21.29.07:621][  0]LogConfig: Applying CVar settings from Section [TextureQuality@3] File [C:/Users/user/Documents/GitHub/GhibliPlatformerAssessment/Saved/Config/Windows/Scalability.ini]
[2020.09.30-21.29.07:621][  0]LogConfig: Setting CVar [[r.Streaming.MipBias:0]]
[2020.09.30-21.29.07:621][  0]LogConfig: Setting CVar [[r.Streaming.AmortizeCPUToGPUCopy:0]]
[2020.09.30-21.29.07:621][  0]LogConfig: Setting CVar [[r.Streaming.MaxNumTexturesToStreamPerFrame:0]]
[2020.09.30-21.29.07:621][  0]LogConfig: Setting CVar [[r.Streaming.Boost:1]]
[2020.09.30-21.29.07:621][  0]LogConfig: Setting CVar [[r.MaxAnisotropy:8]]
[2020.09.30-21.29.07:621][  0]LogConfig: Setting CVar [[r.VT.MaxAnisotropy:8]]
[2020.09.30-21.29.07:621][  0]LogConfig: Setting CVar [[r.Streaming.LimitPoolSizeToVRAM:0]]
[2020.09.30-21.29.07:621][  0]LogConfig: Setting CVar [[r.Streaming.PoolSize:1000]]
[2020.09.30-21.29.07:621][  0]LogConfig: Setting CVar [[r.Streaming.MaxEffectiveScreenSize:0]]
[2020.09.30-21.29.07:621][  0]LogConfig: Applying CVar settings from Section [EffectsQuality@3] File [C:/Users/user/Documents/GitHub/GhibliPlatformerAssessment/Saved/Config/Windows/Scalability.ini]
[2020.09.30-21.29.07:621][  0]LogConfig: Setting CVar [[r.TranslucencyLightingVolumeDim:64]]
[2020.09.30-21.29.07:621][  0]LogConfig: Setting CVar [[r.RefractionQuality:2]]
[2020.09.30-21.29.07:621][  0]LogConfig: Setting CVar [[r.SSR.Quality:3]]
[2020.09.30-21.29.07:621][  0]LogConfig: Setting CVar [[r.SSR.HalfResSceneColor:0]]
[2020.09.30-21.29.07:621][  0]LogConfig: Setting CVar [[r.SceneColorFormat:4]]
[2020.09.30-21.29.07:621][  0]LogConfig: Setting CVar [[r.DetailMode:2]]
[2020.09.30-21.29.07:621][  0]LogConfig: Setting CVar [[r.TranslucencyVolumeBlur:1]]
[2020.09.30-21.29.07:621][  0]LogConfig: Setting CVar [[r.MaterialQualityLevel:1 ; High quality]]
[2020.09.30-21.29.07:621][  0]LogConfig: Setting CVar [[r.SSS.Scale:1]]
[2020.09.30-21.29.07:621][  0]LogConfig: Setting CVar [[r.SSS.SampleSet:2]]
[2020.09.30-21.29.07:621][  0]LogConfig: Setting CVar [[r.SSS.Quality:1]]
[2020.09.30-21.29.07:621][  0]LogConfig: Setting CVar [[r.SSS.HalfRes:0]]
[2020.09.30-21.29.07:621][  0]LogConfig: Setting CVar [[r.SSGI.Quality:3]]
[2020.09.30-21.29.07:621][  0]LogConfig: Setting CVar [[r.EmitterSpawnRateScale:1.0]]
[2020.09.30-21.29.07:621][  0]LogConfig: Setting CVar [[r.ParticleLightQuality:2]]
[2020.09.30-21.29.07:621][  0]LogConfig: Setting CVar [[r.SkyAtmosphere.AerialPerspectiveLUT.FastApplyOnOpaque:1 ; Always have FastSkyLUT 1 in this case to avoid wrong sky]]
[2020.09.30-21.29.07:621][  0]LogConfig: Setting CVar [[r.SkyAtmosphere.AerialPerspectiveLUT.SampleCountPerSlice:1]]
[2020.09.30-21.29.07:621][  0]LogConfig: Setting CVar [[r.SkyAtmosphere.AerialPerspectiveLUT.DepthResolution:16.0]]
[2020.09.30-21.29.07:621][  0]LogConfig: Setting CVar [[r.SkyAtmosphere.FastSkyLUT:1]]
[2020.09.30-21.29.07:622][  0]LogConfig: Setting CVar [[r.SkyAtmosphere.FastSkyLUT.SampleCountMin:4.0]]
[2020.09.30-21.29.07:622][  0]LogConfig: Setting CVar [[r.SkyAtmosphere.FastSkyLUT.SampleCountMax:32.0]]
[2020.09.30-21.29.07:622][  0]LogConfig: Setting CVar [[r.SkyAtmosphere.SampleCountMin:4.0]]
[2020.09.30-21.29.07:622][  0]LogConfig: Setting CVar [[r.SkyAtmosphere.SampleCountMax:32.0]]
[2020.09.30-21.29.07:622][  0]LogConfig: Setting CVar [[r.SkyAtmosphere.TransmittanceLUT.UseSmallFormat:0]]
[2020.09.30-21.29.07:622][  0]LogConfig: Setting CVar [[r.SkyAtmosphere.TransmittanceLUT.SampleCount:10.0]]
[2020.09.30-21.29.07:622][  0]LogConfig: Setting CVar [[r.SkyAtmosphere.MultiScatteringLUT.SampleCount:15.0]]
[2020.09.30-21.29.07:622][  0]LogConfig: Applying CVar settings from Section [FoliageQuality@3] File [C:/Users/user/Documents/GitHub/GhibliPlatformerAssessment/Saved/Config/Windows/Scalability.ini]
[2020.09.30-21.29.07:622][  0]LogConfig: Setting CVar [[foliage.DensityScale:1.0]]
[2020.09.30-21.29.07:622][  0]LogConfig: Setting CVar [[grass.DensityScale:1.0]]
[2020.09.30-21.29.07:622][  0]LogConfig: Applying CVar settings from Section [ShadingQuality@3] File [C:/Users/user/Documents/GitHub/GhibliPlatformerAssessment/Saved/Config/Windows/Scalability.ini]
[2020.09.30-21.29.07:622][  0]LogConfig: Setting CVar [[r.HairStrands.SkyLighting.SampleCount:16]]
[2020.09.30-21.29.07:622][  0]LogConfig: Setting CVar [[r.HairStrands.SkyLighting.JitterIntegration:0]]
[2020.09.30-21.29.07:622][  0]LogConfig: Setting CVar [[r.HairStrands.SkyAO.SampleCount:16]]
[2020.09.30-21.29.07:622][  0]LogConfig: Setting CVar [[r.HairStrands.DeepShadow.SuperSampling:0]]
[2020.09.30-21.29.07:622][  0]LogConfig: Setting CVar [[r.HairStrands.VisibilityPPLL:0]]
[2020.09.30-21.29.07:622][  0]LogConfig: Setting CVar [[r.HairStrands.RasterizationScale:0.5]]
[2020.09.30-21.29.07:622][  0]LogConfig: Setting CVar [[r.HairStrands.VelocityRasterizationScale:1]]
[2020.09.30-21.29.07:623][  0]LogInit: Selected Device Profile: [Windows]
[2020.09.30-21.29.07:623][  0]LogInit: Applying CVar settings loaded from the selected device profile: [Windows]
[2020.09.30-21.29.07:624][  0]LogHAL: Display: Platform has ~ 16 GB [17146363904 / 17179869184 / 16], which maps to Larger [LargestMinGB=32, LargerMinGB=12, DefaultMinGB=8, SmallerMinGB=6, SmallestMinGB=0)
[2020.09.30-21.29.07:625][  0]LogInit: Going up to parent DeviceProfile []
[2020.09.30-21.29.07:625][  0]LogConfig: Applying CVar settings from Section [ViewDistanceQuality@3] File [C:/Users/user/Documents/GitHub/GhibliPlatformerAssessment/Saved/Config/Windows/Scalability.ini]
[2020.09.30-21.29.07:625][  0]LogConfig: Setting CVar [[r.SkeletalMeshLODBias:0]]
[2020.09.30-21.29.07:625][  0]LogConfig: Setting CVar [[r.ViewDistanceScale:1.0]]
[2020.09.30-21.29.07:625][  0]LogConfig: Applying CVar settings from Section [AntiAliasingQuality@3] File [C:/Users/user/Documents/GitHub/GhibliPlatformerAssessment/Saved/Config/Windows/Scalability.ini]
[2020.09.30-21.29.07:625][  0]LogConfig: Setting CVar [[r.PostProcessAAQuality:4]]
[2020.09.30-21.29.07:625][  0]LogConfig: Applying CVar settings from Section [ShadowQuality@3] File [C:/Users/user/Documents/GitHub/GhibliPlatformerAssessment/Saved/Config/Windows/Scalability.ini]
[2020.09.30-21.29.07:625][  0]LogConfig: Setting CVar [[r.LightFunctionQuality:1]]
[2020.09.30-21.29.07:625][  0]LogConfig: Setting CVar [[r.ShadowQuality:5]]
[2020.09.30-21.29.07:625][  0]LogConfig: Setting CVar [[r.Shadow.CSM.MaxCascades:10]]
[2020.09.30-21.29.07:625][  0]LogConfig: Setting CVar [[r.Shadow.MaxResolution:2048]]
[2020.09.30-21.29.07:625][  0]LogConfig: Setting CVar [[r.Shadow.MaxCSMResolution:2048]]
[2020.09.30-21.29.07:625][  0]LogConfig: Setting CVar [[r.Shadow.RadiusThreshold:0.01]]
[2020.09.30-21.29.07:625][  0]LogConfig: Setting CVar [[r.Shadow.DistanceScale:1.0]]
[2020.09.30-21.29.07:625][  0]LogConfig: Setting CVar [[r.Shadow.CSM.TransitionScale:1.0]]
[2020.09.30-21.29.07:625][  0]LogConfig: Setting CVar [[r.Shadow.PreShadowResolutionFactor:1.0]]
[2020.09.30-21.29.07:625][  0]LogConfig: Setting CVar [[r.DistanceFieldShadowing:1]]
[2020.09.30-21.29.07:625][  0]LogConfig: Setting CVar [[r.DistanceFieldAO:1]]
[2020.09.30-21.29.07:625][  0]LogConfig: Setting CVar [[r.AOQuality:2]]
[2020.09.30-21.29.07:625][  0]LogConfig: Setting CVar [[r.VolumetricFog:1]]
[2020.09.30-21.29.07:625][  0]LogConfig: Setting CVar [[r.VolumetricFog.GridPixelSize:8]]
[2020.09.30-21.29.07:625][  0]LogConfig: Setting CVar [[r.VolumetricFog.GridSizeZ:128]]
[2020.09.30-21.29.07:625][  0]LogConfig: Setting CVar [[r.VolumetricFog.HistoryMissSupersampleCount:4]]
[2020.09.30-21.29.07:625][  0]LogConfig: Setting CVar [[r.LightMaxDrawDistanceScale:1]]
[2020.09.30-21.29.07:625][  0]LogConfig: Setting CVar [[r.CapsuleShadows:1]]
[2020.09.30-21.29.07:625][  0]LogConfig: Applying CVar settings from Section [PostProcessQuality@3] File [C:/Users/user/Documents/GitHub/GhibliPlatformerAssessment/Saved/Config/Windows/Scalability.ini]
[2020.09.30-21.29.07:625][  0]LogConfig: Setting CVar [[r.MotionBlurQuality:4]]
[2020.09.30-21.29.07:625][  0]LogConfig: Setting CVar [[r.AmbientOcclusionMipLevelFactor:0.4]]
[2020.09.30-21.29.07:625][  0]LogConfig: Setting CVar [[r.AmbientOcclusionMaxQuality:100]]
[2020.09.30-21.29.07:625][  0]LogConfig: Setting CVar [[r.AmbientOcclusionLevels:-1]]
[2020.09.30-21.29.07:625][  0]LogConfig: Setting CVar [[r.AmbientOcclusionRadiusScale:1.0]]
[2020.09.30-21.29.07:625][  0]LogConfig: Setting CVar [[r.DepthOfFieldQuality:2]]
[2020.09.30-21.29.07:625][  0]LogConfig: Setting CVar [[r.RenderTargetPoolMin:400]]
[2020.09.30-21.29.07:625][  0]LogConfig: Setting CVar [[r.LensFlareQuality:2]]
[2020.09.30-21.29.07:625][  0]LogConfig: Setting CVar [[r.SceneColorFringeQuality:1]]
[2020.09.30-21.29.07:625][  0]LogConfig: Setting CVar [[r.EyeAdaptationQuality:2]]
[2020.09.30-21.29.07:625][  0]LogConfig: Setting CVar [[r.BloomQuality:5]]
[2020.09.30-21.29.07:625][  0]LogConfig: Setting CVar [[r.FastBlurThreshold:100]]
[2020.09.30-21.29.07:625][  0]LogConfig: Setting CVar [[r.Upscale.Quality:3]]
[2020.09.30-21.29.07:625][  0]LogConfig: Setting CVar [[r.Tonemapper.GrainQuantization:1]]
[2020.09.30-21.29.07:625][  0]LogConfig: Setting CVar [[r.LightShaftQuality:1]]
[2020.09.30-21.29.07:625][  0]LogConfig: Setting CVar [[r.Filter.SizeScale:1]]
[2020.09.30-21.29.07:625][  0]LogConfig: Setting CVar [[r.Tonemapper.Quality:5]]
[2020.09.30-21.29.07:625][  0]LogConfig: Setting CVar [[r.DOF.Gather.AccumulatorQuality:1        ; higher gathering accumulator quality]]
[2020.09.30-21.29.07:625][  0]LogConfig: Setting CVar [[r.DOF.Gather.PostfilterMethod:1          ; Median3x3 postfilering method]]
[2020.09.30-21.29.07:625][  0]LogConfig: Setting CVar [[r.DOF.Gather.EnableBokehSettings:0       ; no bokeh simulation when gathering]]
[2020.09.30-21.29.07:625][  0]LogConfig: Setting CVar [[r.DOF.Gather.RingCount:4                 ; medium number of samples when gathering]]
[2020.09.30-21.29.07:625][  0]LogConfig: Setting CVar [[r.DOF.Scatter.ForegroundCompositing:1    ; additive foreground scattering]]
[2020.09.30-21.29.07:625][  0]LogConfig: Setting CVar [[r.DOF.Scatter.BackgroundCompositing:2    ; additive background scattering]]
[2020.09.30-21.29.07:625][  0]LogConfig: Setting CVar [[r.DOF.Scatter.EnableBokehSettings:1      ; bokeh simulation when scattering]]
[2020.09.30-21.29.07:625][  0]LogConfig: Setting CVar [[r.DOF.Scatter.MaxSpriteRatio:0.1         ; only a maximum of 10% of scattered bokeh]]
[2020.09.30-21.29.07:625][  0]LogConfig: Setting CVar [[r.DOF.Recombine.Quality:1                ; cheap slight out of focus]]
[2020.09.30-21.29.07:625][  0]LogConfig: Setting CVar [[r.DOF.Recombine.EnableBokehSettings:0    ; no bokeh simulation on slight out of focus]]
[2020.09.30-21.29.07:625][  0]LogConfig: Setting CVar [[r.DOF.TemporalAAQuality:1                ; more stable temporal accumulation]]
[2020.09.30-21.29.07:625][  0]LogConfig: Setting CVar [[r.DOF.Kernel.MaxForegroundRadius:0.025]]
[2020.09.30-21.29.07:625][  0]LogConfig: Setting CVar [[r.DOF.Kernel.MaxBackgroundRadius:0.025]]
[2020.09.30-21.29.07:625][  0]LogConfig: Applying CVar settings from Section [TextureQuality@3] File [C:/Users/user/Documents/GitHub/GhibliPlatformerAssessment/Saved/Config/Windows/Scalability.ini]
[2020.09.30-21.29.07:625][  0]LogConfig: Setting CVar [[r.Streaming.MipBias:0]]
[2020.09.30-21.29.07:625][  0]LogConfig: Setting CVar [[r.Streaming.AmortizeCPUToGPUCopy:0]]
[2020.09.30-21.29.07:625][  0]LogConfig: Setting CVar [[r.Streaming.MaxNumTexturesToStreamPerFrame:0]]
[2020.09.30-21.29.07:625][  0]LogConfig: Setting CVar [[r.Streaming.Boost:1]]
[2020.09.30-21.29.07:625][  0]LogConfig: Setting CVar [[r.MaxAnisotropy:8]]
[2020.09.30-21.29.07:625][  0]LogConfig: Setting CVar [[r.VT.MaxAnisotropy:8]]
[2020.09.30-21.29.07:625][  0]LogConfig: Setting CVar [[r.Streaming.LimitPoolSizeToVRAM:0]]
[2020.09.30-21.29.07:625][  0]LogConfig: Setting CVar [[r.Streaming.PoolSize:1000]]
[2020.09.30-21.29.07:625][  0]LogConfig: Setting CVar [[r.Streaming.MaxEffectiveScreenSize:0]]
[2020.09.30-21.29.07:625][  0]LogConfig: Applying CVar settings from Section [EffectsQuality@3] File [C:/Users/user/Documents/GitHub/GhibliPlatformerAssessment/Saved/Config/Windows/Scalability.ini]
[2020.09.30-21.29.07:625][  0]LogConfig: Setting CVar [[r.TranslucencyLightingVolumeDim:64]]
[2020.09.30-21.29.07:625][  0]LogConfig: Setting CVar [[r.RefractionQuality:2]]
[2020.09.30-21.29.07:625][  0]LogConfig: Setting CVar [[r.SSR.Quality:3]]
[2020.09.30-21.29.07:625][  0]LogConfig: Setting CVar [[r.SSR.HalfResSceneColor:0]]
[2020.09.30-21.29.07:625][  0]LogConfig: Setting CVar [[r.SceneColorFormat:4]]
[2020.09.30-21.29.07:625][  0]LogConfig: Setting CVar [[r.DetailMode:2]]
[2020.09.30-21.29.07:625][  0]LogConfig: Setting CVar [[r.TranslucencyVolumeBlur:1]]
[2020.09.30-21.29.07:625][  0]LogConfig: Setting CVar [[r.MaterialQualityLevel:1 ; High quality]]
[2020.09.30-21.29.07:625][  0]LogConfig: Setting CVar [[r.SSS.Scale:1]]
[2020.09.30-21.29.07:625][  0]LogConfig: Setting CVar [[r.SSS.SampleSet:2]]
[2020.09.30-21.29.07:625][  0]LogConfig: Setting CVar [[r.SSS.Quality:1]]
[2020.09.30-21.29.07:625][  0]LogConfig: Setting CVar [[r.SSS.HalfRes:0]]
[2020.09.30-21.29.07:625][  0]LogConfig: Setting CVar [[r.SSGI.Quality:3]]
[2020.09.30-21.29.07:625][  0]LogConfig: Setting CVar [[r.EmitterSpawnRateScale:1.0]]
[2020.09.30-21.29.07:625][  0]LogConfig: Setting CVar [[r.ParticleLightQuality:2]]
[2020.09.30-21.29.07:626][  0]LogConfig: Setting CVar [[r.SkyAtmosphere.AerialPerspectiveLUT.FastApplyOnOpaque:1 ; Always have FastSkyLUT 1 in this case to avoid wrong sky]]
[2020.09.30-21.29.07:626][  0]LogConfig: Setting CVar [[r.SkyAtmosphere.AerialPerspectiveLUT.SampleCountPerSlice:1]]
[2020.09.30-21.29.07:626][  0]LogConfig: Setting CVar [[r.SkyAtmosphere.AerialPerspectiveLUT.DepthResolution:16.0]]
[2020.09.30-21.29.07:626][  0]LogConfig: Setting CVar [[r.SkyAtmosphere.FastSkyLUT:1]]
[2020.09.30-21.29.07:626][  0]LogConfig: Setting CVar [[r.SkyAtmosphere.FastSkyLUT.SampleCountMin:4.0]]
[2020.09.30-21.29.07:626][  0]LogConfig: Setting CVar [[r.SkyAtmosphere.FastSkyLUT.SampleCountMax:32.0]]
[2020.09.30-21.29.07:626][  0]LogConfig: Setting CVar [[r.SkyAtmosphere.SampleCountMin:4.0]]
[2020.09.30-21.29.07:626][  0]LogConfig: Setting CVar [[r.SkyAtmosphere.SampleCountMax:32.0]]
[2020.09.30-21.29.07:626][  0]LogConfig: Setting CVar [[r.SkyAtmosphere.TransmittanceLUT.UseSmallFormat:0]]
[2020.09.30-21.29.07:626][  0]LogConfig: Setting CVar [[r.SkyAtmosphere.TransmittanceLUT.SampleCount:10.0]]
[2020.09.30-21.29.07:626][  0]LogConfig: Setting CVar [[r.SkyAtmosphere.MultiScatteringLUT.SampleCount:15.0]]
[2020.09.30-21.29.07:626][  0]LogConfig: Applying CVar settings from Section [FoliageQuality@3] File [C:/Users/user/Documents/GitHub/GhibliPlatformerAssessment/Saved/Config/Windows/Scalability.ini]
[2020.09.30-21.29.07:626][  0]LogConfig: Setting CVar [[foliage.DensityScale:1.0]]
[2020.09.30-21.29.07:626][  0]LogConfig: Setting CVar [[grass.DensityScale:1.0]]
[2020.09.30-21.29.07:626][  0]LogConfig: Applying CVar settings from Section [ShadingQuality@3] File [C:/Users/user/Documents/GitHub/GhibliPlatformerAssessment/Saved/Config/Windows/Scalability.ini]
[2020.09.30-21.29.07:626][  0]LogConfig: Setting CVar [[r.HairStrands.SkyLighting.SampleCount:16]]
[2020.09.30-21.29.07:626][  0]LogConfig: Setting CVar [[r.HairStrands.SkyLighting.JitterIntegration:0]]
[2020.09.30-21.29.07:626][  0]LogConfig: Setting CVar [[r.HairStrands.SkyAO.SampleCount:16]]
[2020.09.30-21.29.07:626][  0]LogConfig: Setting CVar [[r.HairStrands.DeepShadow.SuperSampling:0]]
[2020.09.30-21.29.07:626][  0]LogConfig: Setting CVar [[r.HairStrands.VisibilityPPLL:0]]
[2020.09.30-21.29.07:626][  0]LogConfig: Setting CVar [[r.HairStrands.RasterizationScale:0.5]]
[2020.09.30-21.29.07:626][  0]LogConfig: Setting CVar [[r.HairStrands.VelocityRasterizationScale:1]]
[2020.09.30-21.29.07:626][  0]LogConfig: Applying CVar settings from Section [Startup] File [../../../Engine/Config/ConsoleVariables.ini]
[2020.09.30-21.29.07:627][  0]LogConfig: Setting CVar [[net.UseAdaptiveNetUpdateFrequency:0]]
[2020.09.30-21.29.07:627][  0]LogConfig: Setting CVar [[p.chaos.AllowCreatePhysxBodies:1]]
[2020.09.30-21.29.07:627][  0]LogConfig: Setting CVar [[fx.SkipVectorVMBackendOptimizations:1]]
[2020.09.30-21.29.07:627][  0]LogConfig: Applying CVar settings from Section [ConsoleVariables] File [C:/Users/user/Documents/GitHub/GhibliPlatformerAssessment/Saved/Config/Windows/Engine.ini]
[2020.09.30-21.29.07:627][  0]LogInit: Computer: KRYPTTVR3
[2020.09.30-21.29.07:627][  0]LogInit: User: user
[2020.09.30-21.29.07:627][  0]LogInit: CPU Page size=4096, Cores=4
[2020.09.30-21.29.07:627][  0]LogInit: High frequency timer resolution =10.000000 MHz
[2020.09.30-21.29.07:627][  0]LogMemory: Memory total: Physical=16.0GB (16GB approx)
[2020.09.30-21.29.07:627][  0]LogMemory: Platform Memory Stats for Windows
[2020.09.30-21.29.07:627][  0]LogMemory: Process Physical Memory: 113.96 MB used, 113.96 MB peak
[2020.09.30-21.29.07:627][  0]LogMemory: Process Virtual Memory: 95.59 MB used, 95.59 MB peak
[2020.09.30-21.29.07:627][  0]LogMemory: Physical Memory: 3595.96 MB used,  12756.09 MB free, 16352.05 MB total
[2020.09.30-21.29.07:627][  0]LogMemory: Virtual Memory: 5142.46 MB used,  134212584.00 MB free, 134217728.00 MB total
[2020.09.30-21.29.07:634][  0]LogWindows: WindowsPlatformFeatures enabled
[2020.09.30-21.29.07:781][  0]LogInit: Physics initialised using underlying interface: PhysX
[2020.09.30-21.29.07:783][  0]LogInit: Using OS detected language (en-US).
[2020.09.30-21.29.07:783][  0]LogInit: Using OS detected locale (en-AU).
[2020.09.30-21.29.07:800][  0]LogTextLocalizationManager: No specific localization for 'en-US' exists, so the 'en' localization will be used.
[2020.09.30-21.29.08:038][  0]LogInit: Setting process to per monitor DPI aware
[2020.09.30-21.29.08:090][  0]LogSlate: New Slate User Created.  User Index 0, Is Virtual User: 0
[2020.09.30-21.29.08:091][  0]LogSlate: Slate User Registered.  User Index 0, Is Virtual User: 0
[2020.09.30-21.29.08:332][  0]LogD3D11RHI: D3D11 min allowed feature level: 11_0
[2020.09.30-21.29.08:332][  0]LogD3D11RHI: D3D11 max allowed feature level: 11_0
[2020.09.30-21.29.08:332][  0]LogD3D11RHI: D3D11 adapters:
[2020.09.30-21.29.08:414][  0]LogD3D11RHI:    0. 'NVIDIA GeForce GTX 1080' (Feature Level 11_0)
[2020.09.30-21.29.08:414][  0]LogD3D11RHI:       8079/0/8176 MB DedicatedVideo/DedicatedSystem/SharedSystem, Outputs:2, VendorId:0x10de
[2020.09.30-21.29.08:417][  0]LogD3D11RHI:    1. 'Microsoft Basic Render Driver' (Feature Level 11_0)
[2020.09.30-21.29.08:417][  0]LogD3D11RHI:       0/0/8176 MB DedicatedVideo/DedicatedSystem/SharedSystem, Outputs:0, VendorId:0x1414
[2020.09.30-21.29.08:417][  0]LogD3D11RHI: Chosen D3D11 Adapter: 0
[2020.09.30-21.29.08:424][  0]LogD3D11RHI: Creating new Direct3DDevice
[2020.09.30-21.29.08:424][  0]LogD3D11RHI:     GPU DeviceId: 0x1b80 (for the marketing name, search the web for "GPU Device Id")
[2020.09.30-21.29.08:424][  0]LogWindows: EnumDisplayDevices:
[2020.09.30-21.29.08:424][  0]LogWindows:    0. 'NVIDIA GeForce GTX 1080' (P:0 D:1)
[2020.09.30-21.29.08:424][  0]LogWindows:    1. 'NVIDIA GeForce GTX 1080' (P:1 D:1)
[2020.09.30-21.29.08:425][  0]LogWindows:    2. 'NVIDIA GeForce GTX 1080' (P:0 D:0)
[2020.09.30-21.29.08:425][  0]LogWindows:    3. 'NVIDIA GeForce GTX 1080' (P:0 D:0)
[2020.09.30-21.29.08:425][  0]LogWindows: DebugString: FoundDriverCount:4 
[2020.09.30-21.29.08:425][  0]LogD3D11RHI:     Adapter Name: NVIDIA GeForce GTX 1080
[2020.09.30-21.29.08:425][  0]LogD3D11RHI:   Driver Version: 452.06 (internal:27.21.14.5206, unified:452.06)
[2020.09.30-21.29.08:425][  0]LogD3D11RHI:      Driver Date: 8-12-2020
[2020.09.30-21.29.08:426][  0]LogRHI: Texture pool is 5655 MB (70% of 8079 MB)
[2020.09.30-21.29.08:480][  0]LogD3D11RHI: RHI has support for 64 bit atomics
[2020.09.30-21.29.08:482][  0]LogD3D11RHI: [Aftermath] Enabled and primed
[2020.09.30-21.29.08:482][  0]LogD3D11RHI: Async texture creation enabled
[2020.09.30-21.29.08:482][  0]LogD3D11RHI: Array index from any shader is supported
[2020.09.30-21.29.08:517][  0]LogD3D11RHI: GPU Timing Frequency: 1000.000000 (Debug: 2 1)
[2020.09.30-21.29.08:915][  0]LogTargetPlatformManager: Display: Loaded TargetPlatform 'AllDesktop'
[2020.09.30-21.29.08:936][  0]LogTargetPlatformManager: Display: Loaded TargetPlatform 'Android'
[2020.09.30-21.29.08:936][  0]LogTargetPlatformManager: Display: Loaded TargetPlatform 'Android_ASTC'
[2020.09.30-21.29.08:936][  0]LogTargetPlatformManager: Display: Loaded TargetPlatform 'Android_DXT'
[2020.09.30-21.29.08:936][  0]LogTargetPlatformManager: Display: Loaded TargetPlatform 'Android_ETC2'
[2020.09.30-21.29.08:936][  0]LogTargetPlatformManager: Display: Loaded TargetPlatform 'AndroidClient'
[2020.09.30-21.29.08:937][  0]LogTargetPlatformManager: Display: Loaded TargetPlatform 'Android_ASTCClient'
[2020.09.30-21.29.08:937][  0]LogTargetPlatformManager: Display: Loaded TargetPlatform 'Android_DXTClient'
[2020.09.30-21.29.08:937][  0]LogTargetPlatformManager: Display: Loaded TargetPlatform 'Android_ETC2Client'
[2020.09.30-21.29.08:937][  0]LogTargetPlatformManager: Display: Loaded TargetPlatform 'Android_Multi'
[2020.09.30-21.29.08:937][  0]LogTargetPlatformManager: Display: Loaded TargetPlatform 'Android_MultiClient'
[2020.09.30-21.29.08:965][  0]LogTargetPlatformManager: Display: Loaded TargetPlatform 'IOSClient'
[2020.09.30-21.29.08:965][  0]LogTargetPlatformManager: Display: Loaded TargetPlatform 'IOS'
[2020.09.30-21.29.08:976][  0]LogTargetPlatformManager: Display: Loaded TargetPlatform 'Linux'
[2020.09.30-21.29.08:988][  0]LogTargetPlatformManager: Display: Loaded TargetPlatform 'LinuxNoEditor'
[2020.09.30-21.29.08:998][  0]LogTargetPlatformManager: Display: Loaded TargetPlatform 'LinuxClient'
[2020.09.30-21.29.09:008][  0]LogTargetPlatformManager: Display: Loaded TargetPlatform 'LinuxServer'
[2020.09.30-21.29.09:019][  0]LogTargetPlatformManager: Display: Loaded TargetPlatform 'LinuxAArch64NoEditor'
[2020.09.30-21.29.09:030][  0]LogTargetPlatformManager: Display: Loaded TargetPlatform 'LinuxAArch64Client'
[2020.09.30-21.29.09:040][  0]LogTargetPlatformManager: Display: Loaded TargetPlatform 'LinuxAArch64Server'
[2020.09.30-21.29.09:063][  0]LogTargetPlatformManager: Display: Loaded TargetPlatform 'Lumin'
[2020.09.30-21.29.09:063][  0]LogTargetPlatformManager: Display: Loaded TargetPlatform 'LuminClient'
[2020.09.30-21.29.09:078][  0]LogTargetPlatformManager: Display: Loaded TargetPlatform 'TVOSClient'
[2020.09.30-21.29.09:078][  0]LogTargetPlatformManager: Display: Loaded TargetPlatform 'TVOS'
[2020.09.30-21.29.09:088][  0]LogTargetPlatformManager: Display: Loaded TargetPlatform 'WindowsNoEditor'
[2020.09.30-21.29.09:098][  0]LogTargetPlatformManager: Display: Loaded TargetPlatform 'Windows'
[2020.09.30-21.29.09:108][  0]LogTargetPlatformManager: Display: Loaded TargetPlatform 'WindowsClient'
[2020.09.30-21.29.09:118][  0]LogTargetPlatformManager: Display: Loaded TargetPlatform 'WindowsServer'
[2020.09.30-21.29.09:118][  0]LogTargetPlatformManager: Display: Building Assets For Windows
[2020.09.30-21.29.09:133][  0]LogAudioDebug: Display: Lib vorbis DLL was dynamically loaded.
[2020.09.30-21.29.09:265][  0]LogShaderCompilers: Guid format shader working directory is -28 characters bigger than the processId version (../../../../../../Users/user/Documents/GitHub/GhibliPlatformerAssessment/Intermediate/Shaders/WorkingDirectory/12660/).
[2020.09.30-21.29.09:265][  0]LogShaderCompilers: Cleaned the shader compiler working directory 'C:/Users/user/AppData/Local/Temp/UnrealShaderWorkingDir/BA1649E54B557283349CCF8A11C356E3/'.
[2020.09.30-21.29.09:267][  0]LogXGEController: Cleaning working directory: C:/Users/user/AppData/Local/Temp/UnrealXGEWorkingDir/
[2020.09.30-21.29.09:267][  0]LogXGEController: Cannot use XGE Controller as Incredibuild is not installed on this machine.
[2020.09.30-21.29.09:267][  0]LogShaderCompilers: Cannot use XGE Shader Compiler as Incredibuild is not installed on this machine.
[2020.09.30-21.29.09:267][  0]LogShaderCompilers: Display: Using Local Shader Compiler.
[2020.09.30-21.29.10:069][  0]LogDerivedDataCache: Display: Max Cache Size: 512 MB
[2020.09.30-21.29.10:326][  0]LogDerivedDataCache: Loaded boot cache 0.25s 75MB C:/Users/user/AppData/Local/UnrealEngine/4.25/DerivedDataCache/Boot.ddc.
[2020.09.30-21.29.10:326][  0]LogDerivedDataCache: Display: Loaded Boot cache: C:/Users/user/AppData/Local/UnrealEngine/4.25/DerivedDataCache/Boot.ddc
[2020.09.30-21.29.10:326][  0]LogDerivedDataCache: FDerivedDataBackendGraph:  Pak pak cache file ../../../../../../Users/user/Documents/GitHub/GhibliPlatformerAssessment/DerivedDataCache/DDC.ddp not found, will not use a pak cache.
[2020.09.30-21.29.10:326][  0]LogDerivedDataCache: Unable to find inner node Pak for hierarchical cache Hierarchy.
[2020.09.30-21.29.10:326][  0]LogDerivedDataCache: FDerivedDataBackendGraph:  CompressedPak pak cache file ../../../../../../Users/user/Documents/GitHub/GhibliPlatformerAssessment/DerivedDataCache/Compressed.ddp not found, will not use a pak cache.
[2020.09.30-21.29.10:326][  0]LogDerivedDataCache: Unable to find inner node CompressedPak for hierarchical cache Hierarchy.
[2020.09.30-21.29.10:338][  0]LogDerivedDataCache: Display: Pak cache opened for reading ../../../Engine/DerivedDataCache/Compressed.ddp.
[2020.09.30-21.29.10:338][  0]LogDerivedDataCache: FDerivedDataBackendGraph:  EnterprisePak pak cache file ../../../Enterprise/DerivedDataCache/Compressed.ddp not found, will not use a pak cache.
[2020.09.30-21.29.10:338][  0]LogDerivedDataCache: Unable to find inner node EnterprisePak for hierarchical cache Hierarchy.
[2020.09.30-21.29.10:340][  0]LogDerivedDataCache: Using Local data cache path C:/Users/user/AppData/Local/UnrealEngine/Common/DerivedDataCache: Writable
[2020.09.30-21.29.10:340][  0]LogDerivedDataCache: Shared data cache path not found in *engine.ini, will not use an Shared cache.
[2020.09.30-21.29.10:340][  0]LogDerivedDataCache: Unable to find inner node Shared for hierarchical cache Hierarchy.
[2020.09.30-21.29.10:390][  0]LogSlate: Using FreeType 2.10.0
[2020.09.30-21.29.10:393][  0]LogSlate: SlateFontServices - WITH_FREETYPE: 1, WITH_HARFBUZZ: 1
[2020.09.30-21.29.10:435][  0]LogAssetRegistry: FAssetRegistry took 0.0044 seconds to start up
[2020.09.30-21.29.10:715][  0]LogInit: Selected Device Profile: [Windows]
[2020.09.30-21.29.10:903][  0]LogMeshReduction: Using QuadricMeshReduction for automatic static mesh reduction
[2020.09.30-21.29.10:903][  0]LogMeshReduction: Using SimplygonMeshReduction for automatic skeletal mesh reduction
[2020.09.30-21.29.10:903][  0]LogMeshReduction: Using ProxyLODMeshReduction for automatic mesh merging
[2020.09.30-21.29.10:903][  0]LogMeshReduction: No distributed automatic mesh merging module available
[2020.09.30-21.29.10:904][  0]LogMeshMerging: No distributed automatic mesh merging module available
[2020.09.30-21.29.10:940][  0]LogNetVersion: GhibliPlatformer 1.0.0, NetCL: 13144385, EngineNetVer: 14, GameNetVer: 0 (Checksum: 2558514305)
[2020.09.30-21.29.11:619][  0]LogAISub: UAISubsystem::UAISubsystem AISubsystem (00000218ECCC0280), frame # 0
[2020.09.30-21.29.11:620][  0]LogAISub: UAISubsystem::UAISubsystem AIPerceptionSystem (00000218EDC20680), frame # 0
[2020.09.30-21.29.11:623][  0]LogAISub: UAISubsystem::UAISubsystem EnvQueryManager (00000218EDC41E00), frame # 0
[2020.09.30-21.29.11:679][  0]LogPackageLocalizationCache: Processed 18 localized package path(s) for 1 prioritized culture(s) in 0.037238 seconds
[2020.09.30-21.29.11:684][  0]LogUObjectArray: 15815 objects as part of root set at end of initial load.
[2020.09.30-21.29.11:684][  0]LogUObjectAllocator: 3939632 out of 0 bytes used by permanent object pool.
[2020.09.30-21.29.11:684][  0]LogUObjectArray: CloseDisregardForGC: 0/0 objects in disregard for GC pool
[2020.09.30-21.29.12:397][  0]LogTcpMessaging: Initializing TcpMessaging bridge
[2020.09.30-21.29.12:407][  0]LogUdpMessaging: Initializing bridge on interface 0.0.0.0:0 to multicast group 230.0.0.1:6666.
[2020.09.30-21.29.12:589][  0]SourceControl: Source control is disabled
[2020.09.30-21.29.12:589][  0]SourceControl: Source control is disabled
[2020.09.30-21.29.12:601][  0]SourceControl: Source control is disabled
[2020.09.30-21.29.12:608][  0]SourceControl: Source control is disabled
[2020.09.30-21.29.12:621][  0]SourceControl: Source control is disabled
[2020.09.30-21.29.13:086][  0]LogAndroidPermission: UAndroidPermissionCallbackProxy::GetInstance
[2020.09.30-21.29.13:118][  0]LogAudioCaptureCore: Display: No Audio Capture implementations found. Audio input will be silent.
[2020.09.30-21.29.13:118][  0]LogAudioCaptureCore: Display: No Audio Capture implementations found. Audio input will be silent.
[2020.09.30-21.29.13:199][  0]LogOcInput: OculusInput pre-init called
[2020.09.30-21.29.13:218][  0]LogWindows: Failed to load 'OVRPlugin.dll' (GetLastError=126)
[2020.09.30-21.29.13:218][  0]LogWindows: File 'OVRPlugin.dll' does not exist
[2020.09.30-21.29.13:347][  0]LogEngine: Initializing Engine...
[2020.09.30-21.29.13:348][  0]LogMagicLeap: Warning: VR disabled because ZI is not enabled.  To enable, in the editor, Edit -> Project Settings -> Plugins -> Magic Leap Plugin -> Enable Zero Iteration
[2020.09.30-21.29.13:351][  0]LogStats: UGameplayTagsManager::InitializeManager -  0.001 s
[2020.09.30-21.29.13:471][  0]LogInit: Initializing FReadOnlyCVARCache
[2020.09.30-21.29.13:502][  0]LogAIModule: Creating AISystem for world Untitled
[2020.09.30-21.29.13:502][  0]LogAISub: UAISubsystem::UAISubsystem EnvQueryManager (00000218F014BC00), frame # 0
[2020.09.30-21.29.13:503][  0]LogAISub: UAISubsystem::UAISubsystem AIPerceptionSystem (00000218F0742480), frame # 0
[2020.09.30-21.29.13:514][  0]LogAudioMixer: Display: Audio Mixer Platform Settings:
[2020.09.30-21.29.13:514][  0]LogAudioMixer: Display: 	Sample Rate:						  48000
[2020.09.30-21.29.13:514][  0]LogAudioMixer: Display: 	Callback Buffer Frame Size Requested: 1024
[2020.09.30-21.29.13:514][  0]LogAudioMixer: Display: 	Callback Buffer Frame Size To Use:	  1024
[2020.09.30-21.29.13:514][  0]LogAudioMixer: Display: 	Number of buffers to queue:			  2
[2020.09.30-21.29.13:514][  0]LogAudioMixer: Display: 	Max Channels (voices):				  32
[2020.09.30-21.29.13:514][  0]LogAudioMixer: Display: 	Number of Async Source Workers:		  0
[2020.09.30-21.29.13:514][  0]LogAudio: Display: AudioDevice MaxSources: 32
[2020.09.30-21.29.13:516][  0]LogAudio: Display: Using built-in audio occlusion.
[2020.09.30-21.29.13:516][  0]LogAudioMixer: Display: Initializing audio mixer.
[2020.09.30-21.29.13:544][  0]LogAudioMixer: Display: 0: FrontLeft
[2020.09.30-21.29.13:545][  0]LogAudioMixer: Display: 1: FrontRight
[2020.09.30-21.29.13:620][  0]LogAudioMixer: Display: Using Audio Device Left (NVIDIA High Definition Audio)
[2020.09.30-21.29.13:623][  0]LogAudioMixer: Display: Initializing Sound Submixes...
[2020.09.30-21.29.13:626][  0]LogAudioMixer: Display: Creating Master Submix 'MasterSubmixDefault'
[2020.09.30-21.29.13:626][  0]LogAudioMixer: Display: Creating Master Submix 'MasterReverbSubmixDefault'
[2020.09.30-21.29.13:628][  0]LogAudioMixer: Display: Creating Master Submix 'MasterEQSubmixDefault'
[2020.09.30-21.29.13:629][  0]LogInit: FAudioDevice initialized.
[2020.09.30-21.29.13:630][  0]LogNetVersion: Set ProjectVersion to 1.0.0.0. Version Checksum will be recalculated on next use.
[2020.09.30-21.29.13:773][  0]LogDerivedDataCache: Saved boot cache 0.14s 75MB C:/Users/user/AppData/Local/UnrealEngine/4.25/DerivedDataCache/Boot.ddc.
[2020.09.30-21.29.13:773][  0]LogInit: Texture streaming: Enabled
[2020.09.30-21.29.13:796][  0]LogEngineSessionManager: EngineSessionManager initialized
[2020.09.30-21.29.13:796][  0]LogEditorSessionSummary: Verbose: Initializing EditorSessionSummaryWriter for editor session tracking
[2020.09.30-21.29.13:800][  0]LogEditorSessionSummary: EditorSessionSummaryWriter initialized
[2020.09.30-21.29.14:450][  0]LogInit: Transaction tracking system initialized
[2020.09.30-21.29.14:501][  0]BlueprintLog: New page: Editor Load
[2020.09.30-21.29.14:677][  0]LocalizationService: Localization service is disabled
[2020.09.30-21.29.14:974][  0]LogCook: Display: Max memory allowance for cook 16384mb min free memory 0mb
[2020.09.30-21.29.14:974][  0]LogCook: Display: Mobile HDR setting 1
[2020.09.30-21.29.15:276][  0]LogFileCache: Scanning file cache for directory 'C:/Users/user/Documents/GitHub/GhibliPlatformerAssessment/Content/' took 0.00s
[2020.09.30-21.29.15:276][  0]SourceControl: Source control is disabled
[2020.09.30-21.29.15:277][  0]LogUnrealEdMisc: Loading editor; pre map load, took 11.862
[2020.09.30-21.29.15:278][  0]Cmd: MAP LOAD FILE="../../../../../../Users/user/Documents/GitHub/GhibliPlatformerAssessment/Content/SideScrollerBP/Maps/SideScrollerExampleMap.umap" TEMPLATE=0 SHOWPROGRESS=1 FEATURELEVEL=3
[2020.09.30-21.29.15:280][  0]LightingResults: New page: Lighting Build
[2020.09.30-21.29.15:284][  0]LogWorld: UWorld::CleanupWorld for Untitled, bSessionEnded=true, bCleanupResources=true
[2020.09.30-21.29.15:285][  0]LogSlate: InvalidateAllWidgets triggered.  All widgets were invalidated
[2020.09.30-21.29.15:285][  0]MapCheck: New page: Map Check
[2020.09.30-21.29.15:285][  0]LightingResults: New page: Lighting Build
[2020.09.30-21.29.15:299][  0]LogAISub: UAISubsystem::~UAISubsystem EnvQueryManager (00000218F014BC00), frame # 0
[2020.09.30-21.29.15:299][  0]LogAISub: UAISubsystem::~UAISubsystem AIPerceptionSystem (00000218F0742480), frame # 0
[2020.09.30-21.29.15:300][  0]LogUObjectHash: Compacting FUObjectHashTables data took   0.69ms
[2020.09.30-21.29.15:695][  0]LogAIModule: Creating AISystem for world SideScrollerExampleMap
[2020.09.30-21.29.15:695][  0]LogAISub: UAISubsystem::UAISubsystem EnvQueryManager (0000021880DE0400), frame # 0
[2020.09.30-21.29.15:695][  0]LogAISub: UAISubsystem::UAISubsystem AIPerceptionSystem (0000021880D77B00), frame # 0
[2020.09.30-21.29.15:735][  0]LogEditorServer: Finished looking for orphan Actors (0.000 secs)
[2020.09.30-21.29.15:753][  0]LogUObjectHash: Compacting FUObjectHashTables data took   0.75ms
[2020.09.30-21.29.15:753][  0]Cmd: MAP CHECKDEP NOCLEARLOG
[2020.09.30-21.29.15:754][  0]MapCheck: Map check complete: 0 Error(s), 0 Warning(s), took 0.401ms to complete.
[2020.09.30-21.29.15:754][  0]LogFileHelpers: Loading map 'SideScrollerExampleMap' took 0.477
[2020.09.30-21.29.15:775][  0]LogUnrealEdMisc: Total Editor Startup Time, took 12.362
[2020.09.30-21.29.15:958][  0]LogSlate: Updating window title bar state: overlay mode, drag disabled, window buttons hidden, title bar hidden
[2020.09.30-21.29.15:965][  0]LogSlate: Updating window title bar state: overlay mode, drag disabled, window buttons hidden, title bar hidden
[2020.09.30-21.29.15:971][  0]LogSlate: Updating window title bar state: overlay mode, drag disabled, window buttons hidden, title bar hidden
[2020.09.30-21.29.15:977][  0]LogSlate: Updating window title bar state: overlay mode, drag disabled, window buttons hidden, title bar hidden
[2020.09.30-21.29.15:995][  0]LogCollectionManager: Loaded 0 collections in 0.001648 seconds
[2020.09.30-21.29.16:025][  0]LogFileCache: Scanning file cache for directory 'C:/Users/user/Documents/GitHub/GhibliPlatformerAssessment/Saved/Collections/' took 0.00s
[2020.09.30-21.29.16:025][  0]LogFileCache: Scanning file cache for directory 'C:/Users/user/Documents/GitHub/GhibliPlatformerAssessment/Content/Developers/user/Collections/' took 0.00s
[2020.09.30-21.29.16:025][  0]LogFileCache: Scanning file cache for directory 'C:/Users/user/Documents/GitHub/GhibliPlatformerAssessment/Content/Collections/' took 0.00s
[2020.09.30-21.29.16:025][  0]LogContentBrowser: Native class hierarchy populated in 0.0081 seconds. Added 3428 classes and 819 folders.
[2020.09.30-21.29.16:033][  0]LogContentBrowser: Native class hierarchy updated for 'WidgetCarousel' in 0.0002 seconds. Added 0 classes and 0 folders.
[2020.09.30-21.29.16:178][  0]LogContentBrowser: Native class hierarchy updated for 'AddContentDialog' in 0.0002 seconds. Added 0 classes and 0 folders.
[2020.09.30-21.29.16:182][  0]LogContentBrowser: Native class hierarchy updated for 'SceneOutliner' in 0.0002 seconds. Added 2 classes and 0 folders.
[2020.09.30-21.29.16:251][  0]LogSlate: Took 0.000877 seconds to synchronously load lazily loaded font '../../../Engine/Content/Slate/Fonts/Roboto-Regular.ttf' (155K)
[2020.09.30-21.29.16:254][  0]LogSlate: Took 0.000746 seconds to synchronously load lazily loaded font '../../../Engine/Content/Slate/Fonts/Roboto-Bold.ttf' (160K)
[2020.09.30-21.29.16:260][  0]LogSlate: Took 0.000560 seconds to synchronously load lazily loaded font '../../../Engine/Content/Editor/Slate/Fonts/FontAwesome.ttf' (139K)
[2020.09.30-21.29.16:363][  0]LogRenderer: Reallocating scene render targets to support 2428x1280 Format 10 NumSamples 1 (Frame:1).
[2020.09.30-21.29.16:487][  0]LogContentBrowser: Native class hierarchy updated for 'HierarchicalLODOutliner' in 0.0003 seconds. Added 0 classes and 0 folders.
[2020.09.30-21.29.16:487][  0]LogLoad: (Engine Initialization) Total time: 13.07 seconds
[2020.09.30-21.29.16:487][  0]LogLoad: (Engine Initialization) Total Blueprint compile time: 0.00 seconds
[2020.09.30-21.29.16:528][  0]LogAssetRegistry: Asset discovery search completed in 6.0938 seconds
[2020.09.30-21.29.16:531][  0]LogCollectionManager: Fixed up redirectors for 0 collections in 0.000003 seconds (updated 0 objects)
[2020.09.30-21.29.16:535][  0]LogContentStreaming: Texture pool size now 1000 MB
[2020.09.30-21.29.29:321][742]LogSlate: Took 0.000707 seconds to synchronously load lazily loaded font '../../../Engine/Content/Slate/Fonts/Roboto-Light.ttf' (167K)
[2020.09.30-21.29.29:341][742]LogAssetEditorSubsystem: Opening Asset editor for Blueprint /Game/BluePrints/Cube_DM4_Blueprint.Cube_DM4_Blueprint
[2020.09.30-21.29.29:563][742]LogContentBrowser: Native class hierarchy updated for 'BlueprintGraph' in 0.0005 seconds. Added 125 classes and 0 folders.
[2020.09.30-21.29.30:364][742]LogSlate: Took 0.000737 seconds to synchronously load lazily loaded font '../../../Engine/Content/Slate/Fonts/Roboto-BoldCondensed.ttf' (158K)
[2020.09.30-21.29.32:044][878]LogSlate: Took 0.000893 seconds to synchronously load lazily loaded font '../../../Engine/Content/Slate/Fonts/Roboto-Italic.ttf' (157K)
[2020.09.30-21.29.33:072][960]LogSlate: Window 'Cube_DM4_Blueprint' being destroyed
[2020.09.30-21.33.02:395][566]BlueprintLog: New page: Compile Cube_DM4_Blueprint
[2020.09.30-21.33.02:435][566]LogUObjectHash: Compacting FUObjectHashTables data took   2.13ms
[2020.09.30-21.33.02:469][566]LogSlate: Took 0.002340 seconds to synchronously load lazily loaded font '../../../Engine/Content/Slate/Fonts/DroidSansMono.ttf' (77K)
[2020.09.30-21.33.03:386][672]LogTemp: Repeating last play command: Selected Viewport
[2020.09.30-21.33.03:398][672]LogPlayLevel: PlayLevel: No blueprints needed recompiling
[2020.09.30-21.33.03:407][672]PIE: New page: PIE session: SideScrollerExampleMap (1 Oct 2020, 5:33:03 pm)
[2020.09.30-21.33.03:412][672]LogOnline: OSS: Creating online subsystem instance for: NULL
[2020.09.30-21.33.03:413][672]LogOnline: OSS: TryLoadSubsystemAndSetDefault: Loaded subsystem for module [NULL]
[2020.09.30-21.33.03:413][672]LogPlayLevel: Creating play world package: /Game/SideScrollerBP/Maps/UEDPIE_0_SideScrollerExampleMap
[2020.09.30-21.33.03:433][672]LogPlayLevel: PIE: StaticDuplicateObject took: (0.019707s)
[2020.09.30-21.33.03:434][672]LogAIModule: Creating AISystem for world SideScrollerExampleMap
[2020.09.30-21.33.03:434][672]LogAISub: UAISubsystem::UAISubsystem EnvQueryManager (00000218FB09E400), frame # 25672
[2020.09.30-21.33.03:434][672]LogAISub: UAISubsystem::UAISubsystem AIPerceptionSystem (0000021911F05BC0), frame # 25672
[2020.09.30-21.33.03:435][672]LogPlayLevel: PIE: World Init took: (0.002226s)
[2020.09.30-21.33.03:435][672]LogPlayLevel: PIE: Created PIE world by copying editor world from /Game/SideScrollerBP/Maps/SideScrollerExampleMap.SideScrollerExampleMap to /Game/SideScrollerBP/Maps/UEDPIE_0_SideScrollerExampleMap.SideScrollerExampleMap (0.022229s)
[2020.09.30-21.33.03:457][672]LogUObjectHash: Compacting FUObjectHashTables data took   1.62ms
[2020.09.30-21.33.03:458][672]LogAudioMixer: Display: Audio Mixer Platform Settings:
[2020.09.30-21.33.03:458][672]LogAudioMixer: Display: 	Sample Rate:						  48000
[2020.09.30-21.33.03:458][672]LogAudioMixer: Display: 	Callback Buffer Frame Size Requested: 1024
[2020.09.30-21.33.03:458][672]LogAudioMixer: Display: 	Callback Buffer Frame Size To Use:	  1024
[2020.09.30-21.33.03:458][672]LogAudioMixer: Display: 	Number of buffers to queue:			  2
[2020.09.30-21.33.03:458][672]LogAudioMixer: Display: 	Max Channels (voices):				  32
[2020.09.30-21.33.03:458][672]LogAudioMixer: Display: 	Number of Async Source Workers:		  0
[2020.09.30-21.33.03:458][672]LogAudio: Display: AudioDevice MaxSources: 32
[2020.09.30-21.33.03:458][672]LogAudio: Display: Using built-in audio occlusion.
[2020.09.30-21.33.03:458][672]LogAudioMixer: Display: Initializing audio mixer.
[2020.09.30-21.33.03:464][672]LogAudioMixer: Display: 0: FrontLeft
[2020.09.30-21.33.03:464][672]LogAudioMixer: Display: 1: FrontRight
[2020.09.30-21.33.03:487][672]LogAudioMixer: Display: Using Audio Device Left (NVIDIA High Definition Audio)
[2020.09.30-21.33.03:488][672]LogAudioMixer: Display: Initializing Sound Submixes...
[2020.09.30-21.33.03:488][672]LogAudioMixer: Display: Creating Master Submix 'MasterSubmixDefault'
[2020.09.30-21.33.03:488][672]LogAudioMixer: Display: Creating Master Submix 'MasterReverbSubmixDefault'
[2020.09.30-21.33.03:488][672]LogAudioMixer: Display: Creating Master Submix 'MasterEQSubmixDefault'
[2020.09.30-21.33.03:500][672]LogInit: FAudioDevice initialized.
[2020.09.30-21.33.03:556][672]LogSlate: Updating window title bar state: overlay mode, drag disabled, window buttons hidden, title bar hidden
[2020.09.30-21.33.03:562][672]LogLoad: Game class is 'SideScrollerGameMode_C'
[2020.09.30-21.33.03:590][672]LogWorld: Bringing World /Game/SideScrollerBP/Maps/UEDPIE_0_SideScrollerExampleMap.SideScrollerExampleMap up for play (max tick rate 0) at 2020.10.01-07.33.03
[2020.09.30-21.33.03:590][672]LogWorld: Bringing up level for play took: 0.021519
[2020.09.30-21.33.03:590][672]LogOnline: OSS: Creating online subsystem instance for: :Context_4
[2020.09.30-21.33.03:613][672]LogContentBrowser: Native class hierarchy updated for 'MovieSceneCapture' in 0.0003 seconds. Added 20 classes and 0 folders.
[2020.09.30-21.33.03:614][672]LogLevel: Warning: EnableInput on a LevelScript actor can not be specified for only one PlayerController.  Enabling for all PlayerControllers.
[2020.09.30-21.33.03:617][672]PIE: Server logged in
[2020.09.30-21.33.03:617][672]PIE: Play in editor total start time 0.221 seconds.
[2020.09.30-21.33.04:393][722]LogBlueprintUserMessages: [PlayerStart_Blueprint] 0
[2020.09.30-21.33.04:933][786]LogBlueprintUserMessages: [PlayerStart_Blueprint2_5] 1
[2020.09.30-21.33.10:018][395]LogBlueprintUserMessages: [Cube_DM4_Blueprint] 499.0
[2020.09.30-21.33.10:025][396]LogBlueprintUserMessages: [Cube_DM4_Blueprint] 498.0
[2020.09.30-21.33.10:033][397]LogBlueprintUserMessages: [Cube_DM4_Blueprint] 497.0
[2020.09.30-21.33.10:042][398]LogBlueprintUserMessages: [Cube_DM4_Blueprint] 496.0
[2020.09.30-21.33.10:051][399]LogBlueprintUserMessages: [Cube_DM4_Blueprint] 495.0
[2020.09.30-21.33.10:060][400]LogBlueprintUserMessages: [Cube_DM4_Blueprint] 494.0
[2020.09.30-21.33.10:069][401]LogBlueprintUserMessages: [Cube_DM4_Blueprint] 493.0
[2020.09.30-21.33.10:077][402]LogBlueprintUserMessages: [Cube_DM4_Blueprint] 492.0
[2020.09.30-21.33.10:086][403]LogBlueprintUserMessages: [Cube_DM4_Blueprint] 491.0
[2020.09.30-21.33.10:095][404]LogBlueprintUserMessages: [Cube_DM4_Blueprint] 490.0
[2020.09.30-21.33.10:102][405]LogBlueprintUserMessages: [Cube_DM4_Blueprint] 489.0
[2020.09.30-21.33.10:111][406]LogBlueprintUserMessages: [Cube_DM4_Blueprint] 488.0
[2020.09.30-21.33.10:119][407]LogBlueprintUserMessages: [Cube_DM4_Blueprint] 487.0
[2020.09.30-21.33.10:127][408]LogBlueprintUserMessages: [Cube_DM4_Blueprint] 486.0
[2020.09.30-21.33.10:136][409]LogBlueprintUserMessages: [Cube_DM4_Blueprint] 485.0
[2020.09.30-21.33.10:144][410]LogBlueprintUserMessages: [Cube_DM4_Blueprint] 484.0
[2020.09.30-21.33.10:153][411]LogBlueprintUserMessages: [Cube_DM4_Blueprint] 483.0
[2020.09.30-21.33.10:161][412]LogBlueprintUserMessages: [Cube_DM4_Blueprint] 482.0
[2020.09.30-21.33.10:169][413]LogBlueprintUserMessages: [Cube_DM4_Blueprint] 481.0
[2020.09.30-21.33.10:177][414]LogBlueprintUserMessages: [Cube_DM4_Blueprint] 480.0
[2020.09.30-21.33.10:186][415]LogBlueprintUserMessages: [Cube_DM4_Blueprint] 479.0
[2020.09.30-21.33.10:194][416]LogBlueprintUserMessages: [Cube_DM4_Blueprint] 478.0
[2020.09.30-21.33.10:202][417]LogBlueprintUserMessages: [Cube_DM4_Blueprint] 477.0
[2020.09.30-21.33.10:211][418]LogBlueprintUserMessages: [Cube_DM4_Blueprint] 476.0
[2020.09.30-21.33.10:219][419]LogBlueprintUserMessages: [Cube_DM4_Blueprint] 475.0
[2020.09.30-21.33.10:228][420]LogBlueprintUserMessages: [Cube_DM4_Blueprint] 474.0
[2020.09.30-21.33.10:236][421]LogBlueprintUserMessages: [Cube_DM4_Blueprint] 473.0
[2020.09.30-21.33.10:244][422]LogBlueprintUserMessages: [Cube_DM4_Blueprint] 472.0
[2020.09.30-21.33.10:252][423]LogBlueprintUserMessages: [Cube_DM4_Blueprint] 471.0
[2020.09.30-21.33.10:261][424]LogBlueprintUserMessages: [Cube_DM4_Blueprint] 470.0
[2020.09.30-21.33.10:269][425]LogBlueprintUserMessages: [Cube_DM4_Blueprint] 469.0
[2020.09.30-21.33.10:277][426]LogBlueprintUserMessages: [Cube_DM4_Blueprint] 468.0
[2020.09.30-21.33.10:286][427]LogBlueprintUserMessages: [Cube_DM4_Blueprint] 467.0
[2020.09.30-21.33.10:294][428]LogBlueprintUserMessages: [Cube_DM4_Blueprint] 466.0
[2020.09.30-21.33.10:303][429]LogBlueprintUserMessages: [Cube_DM4_Blueprint] 465.0
[2020.09.30-21.33.10:311][430]LogBlueprintUserMessages: [Cube_DM4_Blueprint] 464.0
[2020.09.30-21.33.10:320][431]LogBlueprintUserMessages: [Cube_DM4_Blueprint] 463.0
[2020.09.30-21.33.10:328][432]LogBlueprintUserMessages: [Cube_DM4_Blueprint] 462.0
[2020.09.30-21.33.10:336][433]LogBlueprintUserMessages: [Cube_DM4_Blueprint] 461.0
[2020.09.30-21.33.10:345][434]LogBlueprintUserMessages: [Cube_DM4_Blueprint] 460.0
[2020.09.30-21.33.10:353][435]LogBlueprintUserMessages: [Cube_DM4_Blueprint] 459.0
[2020.09.30-21.33.10:362][436]LogBlueprintUserMessages: [Cube_DM4_Blueprint] 458.0
[2020.09.30-21.33.10:370][437]LogBlueprintUserMessages: [Cube_DM4_Blueprint] 457.0
[2020.09.30-21.33.10:379][438]LogBlueprintUserMessages: [Cube_DM4_Blueprint] 456.0
[2020.09.30-21.33.10:387][439]LogBlueprintUserMessages: [Cube_DM4_Blueprint] 455.0
[2020.09.30-21.33.10:395][440]LogBlueprintUserMessages: [Cube_DM4_Blueprint] 454.0
[2020.09.30-21.33.10:404][441]LogBlueprintUserMessages: [Cube_DM4_Blueprint] 453.0
[2020.09.30-21.33.10:411][442]LogBlueprintUserMessages: [Cube_DM4_Blueprint] 452.0
[2020.09.30-21.33.10:419][443]LogBlueprintUserMessages: [Cube_DM4_Blueprint] 451.0
[2020.09.30-21.33.10:428][444]LogBlueprintUserMessages: [Cube_DM4_Blueprint] 450.0
[2020.09.30-21.33.10:436][445]LogBlueprintUserMessages: [Cube_DM4_Blueprint] 449.0
[2020.09.30-21.33.10:444][446]LogBlueprintUserMessages: [Cube_DM4_Blueprint] 448.0
[2020.09.30-21.33.10:453][447]LogBlueprintUserMessages: [Cube_DM4_Blueprint] 447.0
[2020.09.30-21.33.10:461][448]LogBlueprintUserMessages: [Cube_DM4_Blueprint] 446.0
[2020.09.30-21.33.10:470][449]LogBlueprintUserMessages: [Cube_DM4_Blueprint] 445.0
[2020.09.30-21.33.10:478][450]LogBlueprintUserMessages: [Cube_DM4_Blueprint] 444.0
[2020.09.30-21.33.10:487][451]LogBlueprintUserMessages: [Cube_DM4_Blueprint] 443.0
[2020.09.30-21.33.10:495][452]LogBlueprintUserMessages: [Cube_DM4_Blueprint] 442.0
[2020.09.30-21.33.10:503][453]LogBlueprintUserMessages: [Cube_DM4_Blueprint] 441.0
[2020.09.30-21.33.10:511][454]LogBlueprintUserMessages: [Cube_DM4_Blueprint] 440.0
[2020.09.30-21.33.10:520][455]LogBlueprintUserMessages: [Cube_DM4_Blueprint] 439.0
[2020.09.30-21.33.10:528][456]LogBlueprintUserMessages: [Cube_DM4_Blueprint] 438.0
[2020.09.30-21.33.10:536][457]LogBlueprintUserMessages: [Cube_DM4_Blueprint] 437.0
[2020.09.30-21.33.10:545][458]LogBlueprintUserMessages: [Cube_DM4_Blueprint] 436.0
[2020.09.30-21.33.10:553][459]LogBlueprintUserMessages: [Cube_DM4_Blueprint] 435.0
[2020.09.30-21.33.10:561][460]LogBlueprintUserMessages: [Cube_DM4_Blueprint] 434.0
[2020.09.30-21.33.10:570][461]LogBlueprintUserMessages: [Cube_DM4_Blueprint] 433.0
[2020.09.30-21.33.10:578][462]LogBlueprintUserMessages: [Cube_DM4_Blueprint] 432.0
[2020.09.30-21.33.10:587][463]LogBlueprintUserMessages: [Cube_DM4_Blueprint] 431.0
[2020.09.30-21.33.10:596][464]LogBlueprintUserMessages: [Cube_DM4_Blueprint] 430.0
[2020.09.30-21.33.10:605][465]LogBlueprintUserMessages: [Cube_DM4_Blueprint] 429.0
[2020.09.30-21.33.10:615][466]LogBlueprintUserMessages: [Cube_DM4_Blueprint] 428.0
[2020.09.30-21.33.10:624][467]LogBlueprintUserMessages: [Cube_DM4_Blueprint] 427.0
[2020.09.30-21.33.10:632][468]LogBlueprintUserMessages: [Cube_DM4_Blueprint] 426.0
[2020.09.30-21.33.10:642][469]LogBlueprintUserMessages: [Cube_DM4_Blueprint] 425.0
[2020.09.30-21.33.10:651][470]LogBlueprintUserMessages: [Cube_DM4_Blueprint] 424.0
[2020.09.30-21.33.10:661][471]LogBlueprintUserMessages: [Cube_DM4_Blueprint] 423.0
[2020.09.30-21.33.10:672][472]LogBlueprintUserMessages: [Cube_DM4_Blueprint] 422.0
[2020.09.30-21.33.10:682][473]LogBlueprintUserMessages: [Cube_DM4_Blueprint] 421.0
[2020.09.30-21.33.10:692][474]LogBlueprintUserMessages: [Cube_DM4_Blueprint] 420.0
[2020.09.30-21.33.10:701][475]LogBlueprintUserMessages: [Cube_DM4_Blueprint] 419.0
[2020.09.30-21.33.10:710][476]LogBlueprintUserMessages: [Cube_DM4_Blueprint] 418.0
[2020.09.30-21.33.10:720][477]LogBlueprintUserMessages: [Cube_DM4_Blueprint] 417.0
[2020.09.30-21.33.10:729][478]LogBlueprintUserMessages: [Cube_DM4_Blueprint] 416.0
[2020.09.30-21.33.10:739][479]LogBlueprintUserMessages: [Cube_DM4_Blueprint] 415.0
[2020.09.30-21.33.10:748][480]LogBlueprintUserMessages: [Cube_DM4_Blueprint] 414.0
[2020.09.30-21.33.10:756][481]LogBlueprintUserMessages: [Cube_DM4_Blueprint] 413.0
[2020.09.30-21.33.10:766][482]LogBlueprintUserMessages: [Cube_DM4_Blueprint] 412.0
[2020.09.30-21.33.10:775][483]LogBlueprintUserMessages: [Cube_DM4_Blueprint] 411.0
[2020.09.30-21.33.10:785][484]LogBlueprintUserMessages: [Cube_DM4_Blueprint] 410.0
[2020.09.30-21.33.10:794][485]LogBlueprintUserMessages: [Cube_DM4_Blueprint] 409.0
[2020.09.30-21.33.10:803][486]LogBlueprintUserMessages: [Cube_DM4_Blueprint] 408.0
[2020.09.30-21.33.10:812][487]LogBlueprintUserMessages: [Cube_DM4_Blueprint] 407.0
[2020.09.30-21.33.10:822][488]LogBlueprintUserMessages: [Cube_DM4_Blueprint] 406.0
[2020.09.30-21.33.10:835][489]LogBlueprintUserMessages: [Cube_DM4_Blueprint] 405.0
[2020.09.30-21.33.10:845][490]LogBlueprintUserMessages: [Cube_DM4_Blueprint] 404.0
[2020.09.30-21.33.10:855][491]LogBlueprintUserMessages: [Cube_DM4_Blueprint] 403.0
[2020.09.30-21.33.10:865][492]LogBlueprintUserMessages: [Cube_DM4_Blueprint] 402.0
[2020.09.30-21.33.10:876][493]LogBlueprintUserMessages: [Cube_DM4_Blueprint] 401.0
[2020.09.30-21.33.10:886][494]LogBlueprintUserMessages: [Cube_DM4_Blueprint] 400.0
[2020.09.30-21.33.10:894][495]LogBlueprintUserMessages: [Cube_DM4_Blueprint] 399.0
[2020.09.30-21.33.10:903][496]LogBlueprintUserMessages: [Cube_DM4_Blueprint] 398.0
[2020.09.30-21.33.10:911][497]LogBlueprintUserMessages: [Cube_DM4_Blueprint] 397.0
[2020.09.30-21.33.10:920][498]LogBlueprintUserMessages: [Cube_DM4_Blueprint] 396.0
[2020.09.30-21.33.10:928][499]LogBlueprintUserMessages: [Cube_DM4_Blueprint] 395.0
[2020.09.30-21.33.10:937][500]LogBlueprintUserMessages: [Cube_DM4_Blueprint] 394.0
[2020.09.30-21.33.10:946][501]LogBlueprintUserMessages: [Cube_DM4_Blueprint] 393.0
[2020.09.30-21.33.10:954][502]LogBlueprintUserMessages: [Cube_DM4_Blueprint] 392.0
[2020.09.30-21.33.10:962][503]LogBlueprintUserMessages: [Cube_DM4_Blueprint] 391.0
[2020.09.30-21.33.10:970][504]LogBlueprintUserMessages: [Cube_DM4_Blueprint] 390.0
[2020.09.30-21.33.10:978][505]LogBlueprintUserMessages: [Cube_DM4_Blueprint] 389.0
[2020.09.30-21.33.10:986][506]LogBlueprintUserMessages: [Cube_DM4_Blueprint] 388.0
[2020.09.30-21.33.10:994][507]LogBlueprintUserMessages: [Cube_DM4_Blueprint] 387.0
[2020.09.30-21.33.11:003][508]LogBlueprintUserMessages: [Cube_DM4_Blueprint] 386.0
[2020.09.30-21.33.11:012][509]LogBlueprintUserMessages: [Cube_DM4_Blueprint] 385.0
[2020.09.30-21.33.11:022][510]LogBlueprintUserMessages: [Cube_DM4_Blueprint] 384.0
[2020.09.30-21.33.11:030][511]LogBlueprintUserMessages: [Cube_DM4_Blueprint] 383.0
[2020.09.30-21.33.11:038][512]LogBlueprintUserMessages: [Cube_DM4_Blueprint] 382.0
[2020.09.30-21.33.11:047][513]LogBlueprintUserMessages: [Cube_DM4_Blueprint] 381.0
[2020.09.30-21.33.11:055][514]LogBlueprintUserMessages: [Cube_DM4_Blueprint] 380.0
[2020.09.30-21.33.11:064][515]LogBlueprintUserMessages: [Cube_DM4_Blueprint] 379.0
[2020.09.30-21.33.11:072][516]LogBlueprintUserMessages: [Cube_DM4_Blueprint] 378.0
[2020.09.30-21.33.11:081][517]LogBlueprintUserMessages: [Cube_DM4_Blueprint] 377.0
[2020.09.30-21.33.11:089][518]LogBlueprintUserMessages: [Cube_DM4_Blueprint] 376.0
[2020.09.30-21.33.11:098][519]LogBlueprintUserMessages: [Cube_DM4_Blueprint] 375.0
[2020.09.30-21.33.11:106][520]LogBlueprintUserMessages: [Cube_DM4_Blueprint] 374.0
[2020.09.30-21.33.11:114][521]LogBlueprintUserMessages: [Cube_DM4_Blueprint] 373.0
[2020.09.30-21.33.11:124][522]LogBlueprintUserMessages: [Cube_DM4_Blueprint] 372.0
[2020.09.30-21.33.11:132][523]LogBlueprintUserMessages: [Cube_DM4_Blueprint] 371.0
[2020.09.30-21.33.11:141][524]LogBlueprintUserMessages: [Cube_DM4_Blueprint] 370.0
[2020.09.30-21.33.11:151][525]LogBlueprintUserMessages: [Cube_DM4_Blueprint] 369.0
[2020.09.30-21.33.11:158][526]LogBlueprintUserMessages: [Cube_DM4_Blueprint] 368.0
[2020.09.30-21.33.11:167][527]LogBlueprintUserMessages: [Cube_DM4_Blueprint] 367.0
[2020.09.30-21.33.11:175][528]LogBlueprintUserMessages: [Cube_DM4_Blueprint] 366.0
[2020.09.30-21.33.11:183][529]LogBlueprintUserMessages: [Cube_DM4_Blueprint] 365.0
[2020.09.30-21.33.11:192][530]LogBlueprintUserMessages: [Cube_DM4_Blueprint] 364.0
[2020.09.30-21.33.11:201][531]LogBlueprintUserMessages: [Cube_DM4_Blueprint] 363.0
[2020.09.30-21.33.11:209][532]LogBlueprintUserMessages: [Cube_DM4_Blueprint] 362.0
[2020.09.30-21.33.11:217][533]LogBlueprintUserMessages: [Cube_DM4_Blueprint] 361.0
[2020.09.30-21.33.11:227][534]LogBlueprintUserMessages: [Cube_DM4_Blueprint] 360.0
[2020.09.30-21.33.11:235][535]LogBlueprintUserMessages: [Cube_DM4_Blueprint] 359.0
[2020.09.30-21.33.11:243][536]LogBlueprintUserMessages: [Cube_DM4_Blueprint] 358.0
[2020.09.30-21.33.11:252][537]LogBlueprintUserMessages: [Cube_DM4_Blueprint] 357.0
[2020.09.30-21.33.11:260][538]LogBlueprintUserMessages: [Cube_DM4_Blueprint] 356.0
[2020.09.30-21.33.11:268][539]LogBlueprintUserMessages: [Cube_DM4_Blueprint] 355.0
[2020.09.30-21.33.11:275][540]LogBlueprintUserMessages: [Cube_DM4_Blueprint] 354.0
[2020.09.30-21.33.11:284][541]LogBlueprintUserMessages: [Cube_DM4_Blueprint] 353.0
[2020.09.30-21.33.11:292][542]LogBlueprintUserMessages: [Cube_DM4_Blueprint] 352.0
[2020.09.30-21.33.11:300][543]LogBlueprintUserMessages: [Cube_DM4_Blueprint] 351.0
[2020.09.30-21.33.11:310][544]LogBlueprintUserMessages: [Cube_DM4_Blueprint] 350.0
[2020.09.30-21.33.11:318][545]LogBlueprintUserMessages: [Cube_DM4_Blueprint] 349.0
[2020.09.30-21.33.11:326][546]LogBlueprintUserMessages: [Cube_DM4_Blueprint] 348.0
[2020.09.30-21.33.11:338][547]LogBlueprintUserMessages: [Cube_DM4_Blueprint] 347.0
[2020.09.30-21.33.11:346][548]LogBlueprintUserMessages: [Cube_DM4_Blueprint] 346.0
[2020.09.30-21.33.11:358][549]LogBlueprintUserMessages: [Cube_DM4_Blueprint] 345.0
[2020.09.30-21.33.11:366][550]LogBlueprintUserMessages: [Cube_DM4_Blueprint] 344.0
[2020.09.30-21.33.11:377][551]LogBlueprintUserMessages: [Cube_DM4_Blueprint] 343.0
[2020.09.30-21.33.11:388][552]LogBlueprintUserMessages: [Cube_DM4_Blueprint] 342.0
[2020.09.30-21.33.11:397][553]LogBlueprintUserMessages: [Cube_DM4_Blueprint] 341.0
[2020.09.30-21.33.11:406][554]LogBlueprintUserMessages: [Cube_DM4_Blueprint] 340.0
[2020.09.30-21.33.11:416][555]LogBlueprintUserMessages: [Cube_DM4_Blueprint] 339.0
[2020.09.30-21.33.11:427][556]LogBlueprintUserMessages: [Cube_DM4_Blueprint] 338.0
[2020.09.30-21.33.11:436][557]LogBlueprintUserMessages: [Cube_DM4_Blueprint] 337.0
[2020.09.30-21.33.11:444][558]LogBlueprintUserMessages: [Cube_DM4_Blueprint] 336.0
[2020.09.30-21.33.11:453][559]LogBlueprintUserMessages: [Cube_DM4_Blueprint] 335.0
[2020.09.30-21.33.11:461][560]LogBlueprintUserMessages: [Cube_DM4_Blueprint] 334.0
[2020.09.30-21.33.11:469][561]LogBlueprintUserMessages: [Cube_DM4_Blueprint] 333.0
[2020.09.30-21.33.11:478][562]LogBlueprintUserMessages: [Cube_DM4_Blueprint] 332.0
[2020.09.30-21.33.11:488][563]LogBlueprintUserMessages: [Cube_DM4_Blueprint] 331.0
[2020.09.30-21.33.11:498][564]LogBlueprintUserMessages: [Cube_DM4_Blueprint] 330.0
[2020.09.30-21.33.11:508][565]LogBlueprintUserMessages: [Cube_DM4_Blueprint] 329.0
[2020.09.30-21.33.11:517][566]LogBlueprintUserMessages: [Cube_DM4_Blueprint] 328.0
[2020.09.30-21.33.11:525][567]LogBlueprintUserMessages: [Cube_DM4_Blueprint] 327.0
[2020.09.30-21.33.11:534][568]LogBlueprintUserMessages: [Cube_DM4_Blueprint] 326.0
[2020.09.30-21.33.11:543][569]LogBlueprintUserMessages: [Cube_DM4_Blueprint] 325.0
[2020.09.30-21.33.11:551][570]LogBlueprintUserMessages: [Cube_DM4_Blueprint] 324.0
[2020.09.30-21.33.11:559][571]LogBlueprintUserMessages: [Cube_DM4_Blueprint] 323.0
[2020.09.30-21.33.11:568][572]LogBlueprintUserMessages: [Cube_DM4_Blueprint] 322.0
[2020.09.30-21.33.11:578][573]LogBlueprintUserMessages: [Cube_DM4_Blueprint] 321.0
[2020.09.30-21.33.11:586][574]LogBlueprintUserMessages: [Cube_DM4_Blueprint] 320.0
[2020.09.30-21.33.11:594][575]LogBlueprintUserMessages: [Cube_DM4_Blueprint] 319.0
[2020.09.30-21.33.11:602][576]LogBlueprintUserMessages: [Cube_DM4_Blueprint] 318.0
[2020.09.30-21.33.11:610][577]LogBlueprintUserMessages: [Cube_DM4_Blueprint] 317.0
[2020.09.30-21.33.11:619][578]LogBlueprintUserMessages: [Cube_DM4_Blueprint] 316.0
[2020.09.30-21.33.11:627][579]LogBlueprintUserMessages: [Cube_DM4_Blueprint] 315.0
[2020.09.30-21.33.11:635][580]LogBlueprintUserMessages: [Cube_DM4_Blueprint] 314.0
[2020.09.30-21.33.11:643][581]LogBlueprintUserMessages: [Cube_DM4_Blueprint] 313.0
[2020.09.30-21.33.11:652][582]LogBlueprintUserMessages: [Cube_DM4_Blueprint] 312.0
[2020.09.30-21.33.11:660][583]LogBlueprintUserMessages: [Cube_DM4_Blueprint] 311.0
[2020.09.30-21.33.11:668][584]LogBlueprintUserMessages: [Cube_DM4_Blueprint] 310.0
[2020.09.30-21.33.11:677][585]LogBlueprintUserMessages: [Cube_DM4_Blueprint] 309.0
[2020.09.30-21.33.11:685][586]LogBlueprintUserMessages: [Cube_DM4_Blueprint] 308.0
[2020.09.30-21.33.11:694][587]LogBlueprintUserMessages: [Cube_DM4_Blueprint] 307.0
[2020.09.30-21.33.11:702][588]LogBlueprintUserMessages: [Cube_DM4_Blueprint] 306.0
[2020.09.30-21.33.11:710][589]LogBlueprintUserMessages: [Cube_DM4_Blueprint] 305.0
[2020.09.30-21.33.11:718][590]LogBlueprintUserMessages: [Cube_DM4_Blueprint] 304.0
[2020.09.30-21.33.11:726][591]LogBlueprintUserMessages: [Cube_DM4_Blueprint] 303.0
[2020.09.30-21.33.11:734][592]LogBlueprintUserMessages: [Cube_DM4_Blueprint] 302.0
[2020.09.30-21.33.11:743][593]LogBlueprintUserMessages: [Cube_DM4_Blueprint] 301.0
[2020.09.30-21.33.11:751][594]LogBlueprintUserMessages: [Cube_DM4_Blueprint] 300.0
[2020.09.30-21.33.11:759][595]LogBlueprintUserMessages: [Cube_DM4_Blueprint] 299.0
[2020.09.30-21.33.11:768][596]LogBlueprintUserMessages: [Cube_DM4_Blueprint] 298.0
[2020.09.30-21.33.11:776][597]LogBlueprintUserMessages: [Cube_DM4_Blueprint] 297.0
[2020.09.30-21.33.11:785][598]LogBlueprintUserMessages: [Cube_DM4_Blueprint] 296.0
[2020.09.30-21.33.11:793][599]LogBlueprintUserMessages: [Cube_DM4_Blueprint] 295.0
[2020.09.30-21.33.11:801][600]LogBlueprintUserMessages: [Cube_DM4_Blueprint] 294.0
[2020.09.30-21.33.11:810][601]LogBlueprintUserMessages: [Cube_DM4_Blueprint] 293.0
[2020.09.30-21.33.11:818][602]LogBlueprintUserMessages: [Cube_DM4_Blueprint] 292.0
[2020.09.30-21.33.11:826][603]LogBlueprintUserMessages: [Cube_DM4_Blueprint] 291.0
[2020.09.30-21.33.11:835][604]LogBlueprintUserMessages: [Cube_DM4_Blueprint] 290.0
[2020.09.30-21.33.11:843][605]LogBlueprintUserMessages: [Cube_DM4_Blueprint] 289.0
[2020.09.30-21.33.11:852][606]LogBlueprintUserMessages: [Cube_DM4_Blueprint] 288.0
[2020.09.30-21.33.11:860][607]LogBlueprintUserMessages: [Cube_DM4_Blueprint] 287.0
[2020.09.30-21.33.11:868][608]LogBlueprintUserMessages: [Cube_DM4_Blueprint] 286.0
[2020.09.30-21.33.11:877][609]LogBlueprintUserMessages: [Cube_DM4_Blueprint] 285.0
[2020.09.30-21.33.11:885][610]LogBlueprintUserMessages: [Cube_DM4_Blueprint] 284.0
[2020.09.30-21.33.11:893][611]LogBlueprintUserMessages: [Cube_DM4_Blueprint] 283.0
[2020.09.30-21.33.11:902][612]LogBlueprintUserMessages: [Cube_DM4_Blueprint] 282.0
[2020.09.30-21.33.11:910][613]LogBlueprintUserMessages: [Cube_DM4_Blueprint] 4.0
[2020.09.30-21.33.11:919][614]LogBlueprintUserMessages: [Cube_DM4_Blueprint] 3.0
[2020.09.30-21.33.11:926][615]LogBlueprintUserMessages: [Cube_DM4_Blueprint] 2.0
[2020.09.30-21.33.11:934][616]LogBlueprintUserMessages: [Cube_DM4_Blueprint] 1.0
[2020.09.30-21.33.11:943][617]LogBlueprintUserMessages: [Cube_DM4_Blueprint] 0.0
[2020.09.30-21.33.14:138][879]LogBlueprintUserMessages: [Cube_DM4_Blueprint] 4.0
[2020.09.30-21.33.14:146][880]LogBlueprintUserMessages: [Cube_DM4_Blueprint] 3.0
[2020.09.30-21.33.14:155][881]LogBlueprintUserMessages: [Cube_DM4_Blueprint] 2.0
[2020.09.30-21.33.14:163][882]LogBlueprintUserMessages: [Cube_DM4_Blueprint] 1.0
[2020.09.30-21.33.14:172][883]LogBlueprintUserMessages: [Cube_DM4_Blueprint] 0.0
[2020.09.30-21.33.17:325][258]LogSlate: Updating window title bar state: overlay mode, drag disabled, window buttons hidden, title bar hidden
[2020.09.30-21.33.17:325][258]LogWorld: BeginTearingDown for /Game/SideScrollerBP/Maps/UEDPIE_0_SideScrollerExampleMap
[2020.09.30-21.33.17:326][258]LogSlate: Window 'GhibliPlatformer Preview [NetMode: Standalone] (64-bit/Windows) ' being destroyed
[2020.09.30-21.33.17:333][258]LogWorld: UWorld::CleanupWorld for SideScrollerExampleMap, bSessionEnded=true, bCleanupResources=true
[2020.09.30-21.33.17:335][258]LogSlate: InvalidateAllWidgets triggered.  All widgets were invalidated
[2020.09.30-21.33.17:343][258]LogPlayLevel: Display: Shutting down PIE online subsystems
[2020.09.30-21.33.17:347][258]LogSlate: InvalidateAllWidgets triggered.  All widgets were invalidated
[2020.09.30-21.33.17:395][258]LogAISub: UAISubsystem::~UAISubsystem AIPerceptionSystem (0000021911F05BC0), frame # 27258
[2020.09.30-21.33.17:395][258]LogAISub: UAISubsystem::~UAISubsystem EnvQueryManager (00000218FB09E400), frame # 27258
[2020.09.30-21.33.17:417][258]LogUObjectHash: Compacting FUObjectHashTables data took   3.23ms
[2020.09.30-21.33.17:442][259]LogPlayLevel: Display: Destroying online subsystem :Context_4
